[INFO] Scanning for projects...
[WARNING] 
[WARNING] Some problems were encountered while building the effective model for net.lab1024.sa:ioedream-consume-service:jar:1.0.0
[WARNING] 'dependencies.dependency.(groupId:artifactId:type:classifier)' must be unique: org.projectlombok:lombok:jar -> version ${lombok.version} vs (?) @ line 188, column 17
[WARNING] 
[WARNING] It is highly recommended to fix these problems because they threaten the stability of your build.
[WARNING] 
[WARNING] For this reason, future Maven versions might no longer support building such malformed projects.
[WARNING] 
[INFO] ------------------------------------------------------------------------
[INFO] Reactor Build Order:
[INFO] 
[INFO] ioedream-microservices-parent                                      [pom]
[INFO] IOE-DREAM Common Core                                              [jar]
[INFO] Microservices Common Entity                                        [jar]
[INFO] IOE-DREAM Common Storage Module                                    [jar]
[INFO] Microservices Common Data                                          [jar]
[INFO] Microservices Common Cache                                         [jar]
[INFO] Microservices Common Security                                      [jar]
[INFO] Microservices Common Monitor                                       [jar]
[INFO] Microservices Common Export                                        [jar]
[INFO] Microservices Common Workflow                                      [jar]
[INFO] IOE-DREAM Common Gateway Client                                    [jar]
[INFO] Microservices Common Business                                      [jar]
[INFO] Microservices Common Permission                                    [jar]
[INFO] IOE-DREAM Attendance Service                                       [jar]
[INFO] 
[INFO] ------------< net.lab1024.sa:ioedream-microservices-parent >------------
[INFO] Building ioedream-microservices-parent 1.0.0                      [1/14]
[INFO]   from pom.xml
[INFO] --------------------------------[ pom ]---------------------------------
[WARNING] Parameter 'encoding' is unknown for plugin 'jacoco-maven-plugin:0.8.12:prepare-agent (jacoco-prepare-agent)'
[INFO] 
[INFO] --- clean:3.3.1:clean (default-clean) @ ioedream-microservices-parent ---
[INFO] 
[INFO] --- enforcer:3.5.0:enforce (enforce-java-maven) @ ioedream-microservices-parent ---
[INFO] Rule 0: org.apache.maven.enforcer.rules.version.RequireJavaVersion passed
[INFO] Rule 1: org.apache.maven.enforcer.rules.version.RequireMavenVersion passed
[INFO] 
[INFO] --- exec:3.1.1:exec (check-manager-bean-registration) @ ioedream-microservices-parent ---
[INFO] skipping execute as per configuration
[INFO] 
[INFO] --- jacoco:0.8.12:prepare-agent (jacoco-prepare-agent) @ ioedream-microservices-parent ---
[INFO] jacocoArgLine set to -javaagent:C:\\Users\\10201\\.m2\\repository\\org\\jacoco\\org.jacoco.agent\\0.8.12\\org.jacoco.agent-0.8.12-runtime.jar=destfile=D:\\IOE-DREAM\\microservices\\target\\jacoco.exec,includes=**/*.class,excludes=**/*Test*.class:**/*Tests.class:**/*Application.class:**/*Config*.class:**/*Configuration.class:**/dto/**/*.class:**/vo/**/*.class:**/form/**/*.class:**/entity/**/*.class:**/constant/**/*.class:**/constants/**/*.class:**/exception/**/*.class:**/*Exception.class:**/*Enum.class:**/generated/**/*.class:**/openapi/**/*.class
[INFO] 
[INFO] --------------< net.lab1024.sa:microservices-common-core >--------------
[INFO] Building IOE-DREAM Common Core 1.0.0                              [2/14]
[INFO]   from microservices-common-core\pom.xml
[INFO] --------------------------------[ jar ]---------------------------------
[WARNING] Parameter 'encoding' is unknown for plugin 'jacoco-maven-plugin:0.8.12:prepare-agent (jacoco-prepare-agent)'
[INFO] 
[INFO] --- clean:3.3.1:clean (default-clean) @ microservices-common-core ---
[INFO] Deleting D:\IOE-DREAM\microservices\microservices-common-core\target
[INFO] 
[INFO] --- enforcer:3.5.0:enforce (enforce-java-maven) @ microservices-common-core ---
[INFO] 
[INFO] --- exec:3.1.1:exec (check-manager-bean-registration) @ microservices-common-core ---
[INFO] skipping execute as per configuration
[INFO] 
[INFO] --- jacoco:0.8.12:prepare-agent (jacoco-prepare-agent) @ microservices-common-core ---
[INFO] jacocoArgLine set to -javaagent:C:\\Users\\10201\\.m2\\repository\\org\\jacoco\\org.jacoco.agent\\0.8.12\\org.jacoco.agent-0.8.12-runtime.jar=destfile=D:\\IOE-DREAM\\microservices\\microservices-common-core\\target\\jacoco.exec,includes=**/*.class,excludes=**/*Test*.class:**/*Tests.class:**/*Application.class:**/*Config*.class:**/*Configuration.class:**/dto/**/*.class:**/vo/**/*.class:**/form/**/*.class:**/entity/**/*.class:**/constant/**/*.class:**/constants/**/*.class:**/exception/**/*.class:**/*Exception.class:**/*Enum.class:**/generated/**/*.class:**/openapi/**/*.class
[INFO] 
[INFO] --- resources:3.3.1:resources (default-resources) @ microservices-common-core ---
[INFO] skip non existing resourceDirectory D:\IOE-DREAM\microservices\microservices-common-core\src\main\resources
[INFO] skip non existing resourceDirectory D:\IOE-DREAM\microservices\microservices-common-core\src\main\resources
[INFO] 
[INFO] --- compiler:3.13.0:compile (default-compile) @ microservices-common-core ---
[INFO] Recompiling the module because of changed source code.
[INFO] Compiling 23 source files with javac [debug release 17] to target\classes
[INFO] 
[INFO] -------------< net.lab1024.sa:microservices-common-entity >-------------
[INFO] Building Microservices Common Entity 1.0.0                        [3/14]
[INFO]   from microservices-common-entity\pom.xml
[INFO] --------------------------------[ jar ]---------------------------------
[WARNING] Parameter 'encoding' is unknown for plugin 'jacoco-maven-plugin:0.8.12:prepare-agent (jacoco-prepare-agent)'
[INFO] 
[INFO] --- clean:3.3.1:clean (default-clean) @ microservices-common-entity ---
[INFO] Deleting D:\IOE-DREAM\microservices\microservices-common-entity\target
[INFO] 
[INFO] --- enforcer:3.5.0:enforce (enforce-java-maven) @ microservices-common-entity ---
[INFO] 
[INFO] --- exec:3.1.1:exec (check-manager-bean-registration) @ microservices-common-entity ---
[INFO] skipping execute as per configuration
[INFO] 
[INFO] --- jacoco:0.8.12:prepare-agent (jacoco-prepare-agent) @ microservices-common-entity ---
[INFO] jacocoArgLine set to -javaagent:C:\\Users\\10201\\.m2\\repository\\org\\jacoco\\org.jacoco.agent\\0.8.12\\org.jacoco.agent-0.8.12-runtime.jar=destfile=D:\\IOE-DREAM\\microservices\\microservices-common-entity\\target\\jacoco.exec,includes=**/*.class,excludes=**/*Test*.class:**/*Tests.class:**/*Application.class:**/*Config*.class:**/*Configuration.class:**/dto/**/*.class:**/vo/**/*.class:**/form/**/*.class:**/entity/**/*.class:**/constant/**/*.class:**/constants/**/*.class:**/exception/**/*.class:**/*Exception.class:**/*Enum.class:**/generated/**/*.class:**/openapi/**/*.class
[INFO] 
[INFO] --- resources:3.3.1:resources (default-resources) @ microservices-common-entity ---
[INFO] skip non existing resourceDirectory D:\IOE-DREAM\microservices\microservices-common-entity\src\main\resources
[INFO] skip non existing resourceDirectory D:\IOE-DREAM\microservices\microservices-common-entity\src\main\resources
[INFO] 
[INFO] --- compiler:3.13.0:compile (default-compile) @ microservices-common-entity ---
[INFO] Recompiling the module because of changed source code.
[INFO] Compiling 23 source files with javac [debug release 17] to target\classes
[WARNING] 未知的枚举常量 org.apache.ibatis.type.JdbcType.UNDEFINED
  原因: 找不到org.apache.ibatis.type.JdbcType的类文件
[WARNING] 未知的枚举常量 org.apache.ibatis.type.JdbcType.UNDEFINED
  原因: 找不到org.apache.ibatis.type.JdbcType的类文件
[WARNING] 未知的枚举常量 org.apache.ibatis.type.JdbcType.UNDEFINED
  原因: 找不到org.apache.ibatis.type.JdbcType的类文件
[WARNING] 未知的枚举常量 org.apache.ibatis.type.JdbcType.UNDEFINED
  原因: 找不到org.apache.ibatis.type.JdbcType的类文件
[WARNING] 未知的枚举常量 org.apache.ibatis.type.JdbcType.UNDEFINED
  原因: 找不到org.apache.ibatis.type.JdbcType的类文件
[INFO] 
[INFO] ------------< net.lab1024.sa:microservices-common-storage >-------------
[INFO] Building IOE-DREAM Common Storage Module 1.0.0                    [4/14]
[INFO]   from microservices-common-storage\pom.xml
[INFO] --------------------------------[ jar ]---------------------------------
[WARNING] Parameter 'encoding' is unknown for plugin 'jacoco-maven-plugin:0.8.12:prepare-agent (jacoco-prepare-agent)'
[INFO] 
[INFO] --- clean:3.3.1:clean (default-clean) @ microservices-common-storage ---
[INFO] Deleting D:\IOE-DREAM\microservices\microservices-common-storage\target
[INFO] 
[INFO] --- enforcer:3.5.0:enforce (enforce-java-maven) @ microservices-common-storage ---
[INFO] 
[INFO] --- exec:3.1.1:exec (check-manager-bean-registration) @ microservices-common-storage ---
[INFO] skipping execute as per configuration
[INFO] 
[INFO] --- jacoco:0.8.12:prepare-agent (jacoco-prepare-agent) @ microservices-common-storage ---
[INFO] jacocoArgLine set to -javaagent:C:\\Users\\10201\\.m2\\repository\\org\\jacoco\\org.jacoco.agent\\0.8.12\\org.jacoco.agent-0.8.12-runtime.jar=destfile=D:\\IOE-DREAM\\microservices\\microservices-common-storage\\target\\jacoco.exec,includes=**/*.class,excludes=**/*Test*.class:**/*Tests.class:**/*Application.class:**/*Config*.class:**/*Configuration.class:**/dto/**/*.class:**/vo/**/*.class:**/form/**/*.class:**/entity/**/*.class:**/constant/**/*.class:**/constants/**/*.class:**/exception/**/*.class:**/*Exception.class:**/*Enum.class:**/generated/**/*.class:**/openapi/**/*.class
[INFO] 
[INFO] --- resources:3.3.1:resources (default-resources) @ microservices-common-storage ---
[INFO] skip non existing resourceDirectory D:\IOE-DREAM\microservices\microservices-common-storage\src\main\resources
[INFO] skip non existing resourceDirectory D:\IOE-DREAM\microservices\microservices-common-storage\src\main\resources
[INFO] 
[INFO] --- compiler:3.13.0:compile (default-compile) @ microservices-common-storage ---
[INFO] Recompiling the module because of changed dependency.
[INFO] Compiling 9 source files with javac [debug release 17] to target\classes
[INFO] 
[INFO] --------------< net.lab1024.sa:microservices-common-data >--------------
[INFO] Building Microservices Common Data 1.0.0                          [5/14]
[INFO]   from microservices-common-data\pom.xml
[INFO] --------------------------------[ jar ]---------------------------------
[WARNING] Parameter 'encoding' is unknown for plugin 'jacoco-maven-plugin:0.8.12:prepare-agent (jacoco-prepare-agent)'
[INFO] 
[INFO] --- clean:3.3.1:clean (default-clean) @ microservices-common-data ---
[INFO] Deleting D:\IOE-DREAM\microservices\microservices-common-data\target
[INFO] 
[INFO] --- enforcer:3.5.0:enforce (enforce-java-maven) @ microservices-common-data ---
[INFO] 
[INFO] --- exec:3.1.1:exec (check-manager-bean-registration) @ microservices-common-data ---
[INFO] skipping execute as per configuration
[INFO] 
[INFO] --- jacoco:0.8.12:prepare-agent (jacoco-prepare-agent) @ microservices-common-data ---
[INFO] jacocoArgLine set to -javaagent:C:\\Users\\10201\\.m2\\repository\\org\\jacoco\\org.jacoco.agent\\0.8.12\\org.jacoco.agent-0.8.12-runtime.jar=destfile=D:\\IOE-DREAM\\microservices\\microservices-common-data\\target\\jacoco.exec,includes=**/*.class,excludes=**/*Test*.class:**/*Tests.class:**/*Application.class:**/*Config*.class:**/*Configuration.class:**/dto/**/*.class:**/vo/**/*.class:**/form/**/*.class:**/entity/**/*.class:**/constant/**/*.class:**/constants/**/*.class:**/exception/**/*.class:**/*Exception.class:**/*Enum.class:**/generated/**/*.class:**/openapi/**/*.class
[INFO] 
[INFO] --- resources:3.3.1:resources (default-resources) @ microservices-common-data ---
[INFO] skip non existing resourceDirectory D:\IOE-DREAM\microservices\microservices-common-data\src\main\resources
[INFO] skip non existing resourceDirectory D:\IOE-DREAM\microservices\microservices-common-data\src\main\resources
[INFO] 
[INFO] --- compiler:3.13.0:compile (default-compile) @ microservices-common-data ---
[INFO] Recompiling the module because of changed dependency.
[INFO] 
[INFO] -------------< net.lab1024.sa:microservices-common-cache >--------------
[INFO] Building Microservices Common Cache 1.0.0                         [6/14]
[INFO]   from microservices-common-cache\pom.xml
[INFO] --------------------------------[ jar ]---------------------------------
[WARNING] Parameter 'encoding' is unknown for plugin 'jacoco-maven-plugin:0.8.12:prepare-agent (jacoco-prepare-agent)'
[INFO] 
[INFO] --- clean:3.3.1:clean (default-clean) @ microservices-common-cache ---
[INFO] Deleting D:\IOE-DREAM\microservices\microservices-common-cache\target
[INFO] 
[INFO] --- enforcer:3.5.0:enforce (enforce-java-maven) @ microservices-common-cache ---
[INFO] 
[INFO] --- exec:3.1.1:exec (check-manager-bean-registration) @ microservices-common-cache ---
[INFO] skipping execute as per configuration
[INFO] 
[INFO] --- jacoco:0.8.12:prepare-agent (jacoco-prepare-agent) @ microservices-common-cache ---
[INFO] jacocoArgLine set to -javaagent:C:\\Users\\10201\\.m2\\repository\\org\\jacoco\\org.jacoco.agent\\0.8.12\\org.jacoco.agent-0.8.12-runtime.jar=destfile=D:\\IOE-DREAM\\microservices\\microservices-common-cache\\target\\jacoco.exec,includes=**/*.class,excludes=**/*Test*.class:**/*Tests.class:**/*Application.class:**/*Config*.class:**/*Configuration.class:**/dto/**/*.class:**/vo/**/*.class:**/form/**/*.class:**/entity/**/*.class:**/constant/**/*.class:**/constants/**/*.class:**/exception/**/*.class:**/*Exception.class:**/*Enum.class:**/generated/**/*.class:**/openapi/**/*.class
[INFO] 
[INFO] --- resources:3.3.1:resources (default-resources) @ microservices-common-cache ---
[INFO] skip non existing resourceDirectory D:\IOE-DREAM\microservices\microservices-common-cache\src\main\resources
[INFO] skip non existing resourceDirectory D:\IOE-DREAM\microservices\microservices-common-cache\src\main\resources
[INFO] 
[INFO] --- compiler:3.13.0:compile (default-compile) @ microservices-common-cache ---
[INFO] Recompiling the module because of changed dependency.
[INFO] Compiling 5 source files with javac [debug release 17] to target\classes
[WARNING] /D:/IOE-DREAM/microservices/microservices-common-cache/src/main/java/net/lab1024/sa/common/cache/UnifiedCacheManager.java:[93,46] 未经检查的转换
  需要: T
  找到:    java.lang.Object
[WARNING] /D:/IOE-DREAM/microservices/microservices-common-cache/src/main/java/net/lab1024/sa/common/cache/UnifiedCacheManager.java:[101,56] 未经检查的转换
  需要: T
  找到:    java.lang.Object
[WARNING] /D:/IOE-DREAM/microservices/microservices-common-cache/src/main/java/net/lab1024/sa/common/cache/UnifiedCacheManager.java:[132,64] 未经检查的转换
  需要: T
  找到:    java.lang.Object
[WARNING] /D:/IOE-DREAM/microservices/microservices-common-cache/src/main/java/net/lab1024/sa/common/cache/UnifiedCacheManager.java:[156,60] 未经检查的转换
  需要: T
  找到:    java.lang.Object
[INFO] /D:/IOE-DREAM/microservices/microservices-common-cache/src/main/java/net/lab1024/sa/common/cache/CacheServiceImpl.java: D:\IOE-DREAM\microservices\microservices-common-cache\src\main\java\net\lab1024\sa\common\cache\CacheServiceImpl.java使用或覆盖了已过时的 API。
[INFO] /D:/IOE-DREAM/microservices/microservices-common-cache/src/main/java/net/lab1024/sa/common/cache/CacheServiceImpl.java: 有关详细信息, 请使用 -Xlint:deprecation 重新编译。
[INFO] 
[INFO] ------------< net.lab1024.sa:microservices-common-security >------------
[INFO] Building Microservices Common Security 1.0.0                      [7/14]
[INFO]   from microservices-common-security\pom.xml
[INFO] --------------------------------[ jar ]---------------------------------
[WARNING] Parameter 'encoding' is unknown for plugin 'jacoco-maven-plugin:0.8.12:prepare-agent (jacoco-prepare-agent)'
[INFO] 
[INFO] --- clean:3.3.1:clean (default-clean) @ microservices-common-security ---
[INFO] Deleting D:\IOE-DREAM\microservices\microservices-common-security\target
[INFO] 
[INFO] --- enforcer:3.5.0:enforce (enforce-java-maven) @ microservices-common-security ---
[INFO] 
[INFO] --- exec:3.1.1:exec (check-manager-bean-registration) @ microservices-common-security ---
[INFO] skipping execute as per configuration
[INFO] 
[INFO] --- jacoco:0.8.12:prepare-agent (jacoco-prepare-agent) @ microservices-common-security ---
[INFO] jacocoArgLine set to -javaagent:C:\\Users\\10201\\.m2\\repository\\org\\jacoco\\org.jacoco.agent\\0.8.12\\org.jacoco.agent-0.8.12-runtime.jar=destfile=D:\\IOE-DREAM\\microservices\\microservices-common-security\\target\\jacoco.exec,includes=**/*.class,excludes=**/*Test*.class:**/*Tests.class:**/*Application.class:**/*Config*.class:**/*Configuration.class:**/dto/**/*.class:**/vo/**/*.class:**/form/**/*.class:**/entity/**/*.class:**/constant/**/*.class:**/constants/**/*.class:**/exception/**/*.class:**/*Exception.class:**/*Enum.class:**/generated/**/*.class:**/openapi/**/*.class
[INFO] 
[INFO] --- resources:3.3.1:resources (default-resources) @ microservices-common-security ---
[INFO] skip non existing resourceDirectory D:\IOE-DREAM\microservices\microservices-common-security\src\main\resources
[INFO] skip non existing resourceDirectory D:\IOE-DREAM\microservices\microservices-common-security\src\main\resources
[INFO] 
[INFO] --- compiler:3.13.0:compile (default-compile) @ microservices-common-security ---
[INFO] Recompiling the module because of changed dependency.
[INFO] Compiling 13 source files with javac [debug release 17] to target\classes
[INFO] -------------------------------------------------------------
[ERROR] COMPILATION ERROR : 
[INFO] -------------------------------------------------------------
[ERROR] /D:/IOE-DREAM/microservices/microservices-common-security/src/main/java/net/lab1024/sa/common/auth/service/UserLockService.java:[4,44] 程序包net.lab1024.sa.common.gateway.client不存在
[ERROR] /D:/IOE-DREAM/microservices/microservices-common-security/src/main/java/net/lab1024/sa/common/auth/service/UserLockService.java:[5,50] 程序包net.lab1024.sa.common.notification.service不存在
[ERROR] /D:/IOE-DREAM/microservices/microservices-common-security/src/main/java/net/lab1024/sa/common/auth/service/UserLockService.java:[36,13] 找不到符号
  符号:   类 GatewayServiceClient
  位置: 类 net.lab1024.sa.common.auth.service.UserLockService
[ERROR] /D:/IOE-DREAM/microservices/microservices-common-security/src/main/java/net/lab1024/sa/common/auth/service/UserLockService.java:[39,13] 找不到符号
  符号:   类 NotificationService
  位置: 类 net.lab1024.sa.common.auth.service.UserLockService
[INFO] 4 errors 
[INFO] -------------------------------------------------------------
[INFO] ------------------------------------------------------------------------
[INFO] Reactor Summary for ioedream-microservices-parent 1.0.0:
[INFO] 
[INFO] ioedream-microservices-parent ...................... SUCCESS [  0.525 s]
[INFO] IOE-DREAM Common Core .............................. SUCCESS [  2.169 s]
[INFO] Microservices Common Entity ........................ SUCCESS [  1.267 s]
[INFO] IOE-DREAM Common Storage Module .................... SUCCESS [  1.811 s]
[INFO] Microservices Common Data .......................... SUCCESS [  0.308 s]
[INFO] Microservices Common Cache ......................... SUCCESS [  1.225 s]
[INFO] Microservices Common Security ...................... FAILURE [  1.336 s]
[INFO] Microservices Common Monitor ....................... SKIPPED
[INFO] Microservices Common Export ........................ SKIPPED
[INFO] Microservices Common Workflow ...................... SKIPPED
[INFO] IOE-DREAM Common Gateway Client .................... SKIPPED
[INFO] Microservices Common Business ...................... SKIPPED
[INFO] Microservices Common Permission .................... SKIPPED
[INFO] IOE-DREAM Attendance Service ....................... SKIPPED
[INFO] ------------------------------------------------------------------------
[INFO] BUILD FAILURE
[INFO] ------------------------------------------------------------------------
[INFO] Total time:  9.141 s
[INFO] Finished at: 2025-12-25T12:00:00+08:00
[INFO] ------------------------------------------------------------------------
[ERROR] Failed to execute goal org.apache.maven.plugins:maven-compiler-plugin:3.13.0:compile (default-compile) on project microservices-common-security: Compilation failure: Compilation failure: 
[ERROR] /D:/IOE-DREAM/microservices/microservices-common-security/src/main/java/net/lab1024/sa/common/auth/service/UserLockService.java:[4,44] 程序包net.lab1024.sa.common.gateway.client不存在
[ERROR] /D:/IOE-DREAM/microservices/microservices-common-security/src/main/java/net/lab1024/sa/common/auth/service/UserLockService.java:[5,50] 程序包net.lab1024.sa.common.notification.service不存在
[ERROR] /D:/IOE-DREAM/microservices/microservices-common-security/src/main/java/net/lab1024/sa/common/auth/service/UserLockService.java:[36,13] 找不到符号
[ERROR]   符号:   类 GatewayServiceClient
[ERROR]   位置: 类 net.lab1024.sa.common.auth.service.UserLockService
[ERROR] /D:/IOE-DREAM/microservices/microservices-common-security/src/main/java/net/lab1024/sa/common/auth/service/UserLockService.java:[39,13] 找不到符号
[ERROR]   符号:   类 NotificationService
[ERROR]   位置: 类 net.lab1024.sa.common.auth.service.UserLockService
[ERROR] -> [Help 1]
[ERROR] 
[ERROR] To see the full stack trace of the errors, re-run Maven with the -e switch.
[ERROR] Re-run Maven using the -X switch to enable full debug logging.
[ERROR] 
[ERROR] For more information about the errors and possible solutions, please read the following articles:
[ERROR] [Help 1] http://cwiki.apache.org/confluence/display/MAVEN/MojoFailureException
[ERROR] 
[ERROR] After correcting the problems, you can resume the build with the command
[ERROR]   mvn <args> -rf :microservices-common-security
