[ERROR] /D:/IOE-DREAM/microservices/ioedream-attendance-service/src/main/java/net/lab1024/sa/attendance/engine/rule/statistics/RuleStatisticsService.java:[4,46] 找不到符号
[ERROR] /D:/IOE-DREAM/microservices/ioedream-attendance-service/src/main/java/net/lab1024/sa/attendance/engine/rule/AttendanceRuleEngine.java:[8,46] 找不到符号
[ERROR] /D:/IOE-DREAM/microservices/ioedream-attendance-service/src/main/java/net/lab1024/sa/attendance/engine/rule/AttendanceRuleEngine.java:[99,5] 找不到符号
[ERROR] /D:/IOE-DREAM/microservices/ioedream-attendance-service/src/main/java/net/lab1024/sa/attendance/engine/rule/statistics/RuleStatisticsService.java:[34,12] 找不到符号
[ERROR] /D:/IOE-DREAM/microservices/ioedream-attendance-service/src/main/java/net/lab1024/sa/attendance/engine/rule/validation/RuleValidationService.java:[55,50] 找不到符号
[ERROR] /D:/IOE-DREAM/microservices/ioedream-attendance-service/src/main/java/net/lab1024/sa/attendance/engine/rule/validation/RuleValidationService.java:[103,73] 找不到符号
[ERROR] /D:/IOE-DREAM/microservices/ioedream-attendance-service/src/main/java/net/lab1024/sa/attendance/engine/rule/validation/RuleValidationService.java:[134,72] 找不到符号
[ERROR] /D:/IOE-DREAM/microservices/ioedream-attendance-service/src/main/java/net/lab1024/sa/attendance/engine/rule/validation/RuleValidationService.java:[171,67] 找不到符号
[ERROR] /D:/IOE-DREAM/microservices/ioedream-attendance-service/src/main/java/net/lab1024/sa/attendance/engine/rule/validation/RuleValidationService.java:[202,69] 找不到符号
[ERROR] /D:/IOE-DREAM/microservices/ioedream-attendance-service/src/main/java/net/lab1024/sa/attendance/config/CacheWarmupService.java:[23,40] 找不到符号
[ERROR] /D:/IOE-DREAM/microservices/ioedream-attendance-service/src/main/java/net/lab1024/sa/attendance/dao/ScheduleRecordDao.java:[4,40] 找不到符号
[ERROR] /D:/IOE-DREAM/microservices/ioedream-attendance-service/src/main/java/net/lab1024/sa/attendance/dao/ScheduleRecordDao.java:[21,55] 找不到符号
[ERROR] /D:/IOE-DREAM/microservices/ioedream-attendance-service/src/main/java/net/lab1024/sa/attendance/dao/ScheduleRecordDao.java:[28,10] 找不到符号
[ERROR] /D:/IOE-DREAM/microservices/ioedream-attendance-service/src/main/java/net/lab1024/sa/attendance/dao/ScheduleRecordDao.java:[36,10] 找不到符号
[ERROR] /D:/IOE-DREAM/microservices/ioedream-attendance-service/src/main/java/net/lab1024/sa/attendance/dao/ScheduleRecordDao.java:[46,10] 找不到符号
[ERROR] /D:/IOE-DREAM/microservices/ioedream-attendance-service/src/main/java/net/lab1024/sa/attendance/dao/ScheduleRecordDao.java:[57,10] 找不到符号
[ERROR] /D:/IOE-DREAM/microservices/ioedream-attendance-service/src/main/java/net/lab1024/sa/attendance/dao/ScheduleRecordDao.java:[88,44] 找不到符号
[ERROR] /D:/IOE-DREAM/microservices/ioedream-attendance-service/src/main/java/net/lab1024/sa/attendance/config/ScheduleEngineConfiguration.java:[5,40] 找不到符号
[ERROR] /D:/IOE-DREAM/microservices/ioedream-attendance-service/src/main/java/net/lab1024/sa/attendance/engine/execution/ScheduleExecutionService.java:[4,40] 找不到符号
[ERROR] /D:/IOE-DREAM/microservices/ioedream-attendance-service/src/main/java/net/lab1024/sa/attendance/config/ScheduleEngineConfiguration.java:[93,13] 找不到符号
[ERROR] /D:/IOE-DREAM/microservices/ioedream-attendance-service/src/main/java/net/lab1024/sa/attendance/controller/AttendanceLeaveController.java:[20,40] 找不到符号
[ERROR] /D:/IOE-DREAM/microservices/ioedream-attendance-service/src/main/java/net/lab1024/sa/attendance/service/AttendanceLeaveService.java:[3,40] 找不到符号
[ERROR] /D:/IOE-DREAM/microservices/ioedream-attendance-service/src/main/java/net/lab1024/sa/attendance/controller/AttendanceLeaveController.java:[56,24] 找不到符号
[ERROR] /D:/IOE-DREAM/microservices/ioedream-attendance-service/src/main/java/net/lab1024/sa/attendance/service/AttendanceLeaveService.java:[27,5] 找不到符号
[ERROR] /D:/IOE-DREAM/microservices/ioedream-attendance-service/src/main/java/net/lab1024/sa/attendance/controller/AttendanceOvertimeController.java:[20,40] 找不到符号
[ERROR] /D:/IOE-DREAM/microservices/ioedream-attendance-service/src/main/java/net/lab1024/sa/attendance/service/AttendanceOvertimeService.java:[3,40] 找不到符号
[ERROR] /D:/IOE-DREAM/microservices/ioedream-attendance-service/src/main/java/net/lab1024/sa/attendance/controller/AttendanceOvertimeController.java:[35,24] 找不到符号
[ERROR] /D:/IOE-DREAM/microservices/ioedream-attendance-service/src/main/java/net/lab1024/sa/attendance/service/AttendanceOvertimeService.java:[7,5] 找不到符号
[ERROR] /D:/IOE-DREAM/microservices/ioedream-attendance-service/src/main/java/net/lab1024/sa/attendance/controller/AttendanceSupplementController.java:[20,40] 找不到符号
[ERROR] /D:/IOE-DREAM/microservices/ioedream-attendance-service/src/main/java/net/lab1024/sa/attendance/service/AttendanceSupplementService.java:[3,40] 找不到符号
[ERROR] /D:/IOE-DREAM/microservices/ioedream-attendance-service/src/main/java/net/lab1024/sa/attendance/controller/AttendanceSupplementController.java:[35,24] 找不到符号
[ERROR] /D:/IOE-DREAM/microservices/ioedream-attendance-service/src/main/java/net/lab1024/sa/attendance/service/AttendanceSupplementService.java:[7,5] 找不到符号
[ERROR] /D:/IOE-DREAM/microservices/ioedream-attendance-service/src/main/java/net/lab1024/sa/attendance/controller/AttendanceTravelController.java:[20,40] 找不到符号
[ERROR] /D:/IOE-DREAM/microservices/ioedream-attendance-service/src/main/java/net/lab1024/sa/attendance/service/AttendanceTravelService.java:[3,40] 找不到符号
[ERROR] /D:/IOE-DREAM/microservices/ioedream-attendance-service/src/main/java/net/lab1024/sa/attendance/controller/AttendanceTravelController.java:[35,24] 找不到符号
[ERROR] /D:/IOE-DREAM/microservices/ioedream-attendance-service/src/main/java/net/lab1024/sa/attendance/service/AttendanceTravelService.java:[7,5] 找不到符号
[ERROR] /D:/IOE-DREAM/microservices/ioedream-attendance-service/src/main/java/net/lab1024/sa/attendance/dao/AttendanceLeaveDao.java:[7,40] 找不到符号
[ERROR] /D:/IOE-DREAM/microservices/ioedream-attendance-service/src/main/java/net/lab1024/sa/attendance/dao/AttendanceLeaveDao.java:[23,56] 找不到符号
[ERROR] /D:/IOE-DREAM/microservices/ioedream-attendance-service/src/main/java/net/lab1024/sa/attendance/dao/AttendanceLeaveDao.java:[31,5] 找不到符号
[ERROR] /D:/IOE-DREAM/microservices/ioedream-attendance-service/src/main/java/net/lab1024/sa/attendance/dao/AttendanceOvertimeDao.java:[7,40] 找不到符号
[ERROR] /D:/IOE-DREAM/microservices/ioedream-attendance-service/src/main/java/net/lab1024/sa/attendance/dao/AttendanceOvertimeDao.java:[10,59] 找不到符号
[ERROR] /D:/IOE-DREAM/microservices/ioedream-attendance-service/src/main/java/net/lab1024/sa/attendance/dao/AttendanceOvertimeDao.java:[11,5] 找不到符号
[ERROR] /D:/IOE-DREAM/microservices/ioedream-attendance-service/src/main/java/net/lab1024/sa/attendance/dao/AttendanceSupplementDao.java:[7,40] 找不到符号
[ERROR] /D:/IOE-DREAM/microservices/ioedream-attendance-service/src/main/java/net/lab1024/sa/attendance/dao/AttendanceSupplementDao.java:[10,61] 找不到符号
[ERROR] /D:/IOE-DREAM/microservices/ioedream-attendance-service/src/main/java/net/lab1024/sa/attendance/dao/AttendanceSupplementDao.java:[11,5] 找不到符号
[ERROR] /D:/IOE-DREAM/microservices/ioedream-attendance-service/src/main/java/net/lab1024/sa/attendance/dao/AttendanceTravelDao.java:[7,40] 找不到符号
[ERROR] /D:/IOE-DREAM/microservices/ioedream-attendance-service/src/main/java/net/lab1024/sa/attendance/dao/AttendanceTravelDao.java:[10,57] 找不到符号
[ERROR] /D:/IOE-DREAM/microservices/ioedream-attendance-service/src/main/java/net/lab1024/sa/attendance/dao/AttendanceTravelDao.java:[11,5] 找不到符号
[ERROR] /D:/IOE-DREAM/microservices/ioedream-attendance-service/src/main/java/net/lab1024/sa/attendance/dao/ScheduleTemplateDao.java:[4,40] 找不到符号
[ERROR] /D:/IOE-DREAM/microservices/ioedream-attendance-service/src/main/java/net/lab1024/sa/attendance/dao/ScheduleTemplateDao.java:[20,57] 找不到符号
