[INFO] Scanning for projects...
[INFO] 
[INFO] ---------------< net.lab1024.sa:ioedream-access-service >---------------
[INFO] Building IOE-DREAM Access Service 1.0.0
[INFO]   from pom.xml
[INFO] --------------------------------[ jar ]---------------------------------
[WARNING] Parameter 'encoding' is unknown for plugin 'jacoco-maven-plugin:0.8.12:prepare-agent (jacoco-prepare-agent)'
[INFO] 
[INFO] --- clean:3.3.1:clean (default-clean) @ ioedream-access-service ---
[INFO] Deleting D:\IOE-DREAM\microservices\ioedream-access-service\target
[INFO] 
[INFO] --- enforcer:3.5.0:enforce (enforce-java-maven) @ ioedream-access-service ---
[INFO] Rule 0: org.apache.maven.enforcer.rules.version.RequireJavaVersion passed
[INFO] Rule 1: org.apache.maven.enforcer.rules.version.RequireMavenVersion passed
[INFO] 
[INFO] --- exec:3.1.1:exec (check-manager-bean-registration) @ ioedream-access-service ---
[INFO] skipping execute as per configuration
[INFO] 
[INFO] --- jacoco:0.8.12:prepare-agent (jacoco-prepare-agent) @ ioedream-access-service ---
[INFO] jacocoArgLine set to -javaagent:C:\\Users\\10201\\.m2\\repository\\org\\jacoco\\org.jacoco.agent\\0.8.12\\org.jacoco.agent-0.8.12-runtime.jar=destfile=D:\\IOE-DREAM\\microservices\\ioedream-access-service\\target\\jacoco.exec,includes=**/*.class,excludes=**/*Test*.class:**/*Tests.class:**/*Application.class:**/*Config*.class:**/*Configuration.class:**/dto/**/*.class:**/vo/**/*.class:**/form/**/*.class:**/entity/**/*.class:**/constant/**/*.class:**/constants/**/*.class:**/exception/**/*.class:**/*Exception.class:**/*Enum.class:**/generated/**/*.class:**/openapi/**/*.class
[INFO] 
[INFO] --- resources:3.3.1:resources (default-resources) @ ioedream-access-service ---
[INFO] Copying 7 resources from src\main\resources to target\classes
[INFO] Copying 10 resources from src\main\resources to target\classes
[INFO] 
[INFO] --- compiler:3.13.0:compile (default-compile) @ ioedream-access-service ---
[INFO] Recompiling the module because of changed source code.
[INFO] Compiling 235 source files with javac [debug release 17] to target\classes
[INFO] /D:/IOE-DREAM/microservices/ioedream-access-service/src/main/java/net/lab1024/sa/access/config/AccessManagerConfiguration.java: 某些输入文件使用或覆盖了已过时的 API。
[INFO] /D:/IOE-DREAM/microservices/ioedream-access-service/src/main/java/net/lab1024/sa/access/config/AccessManagerConfiguration.java: 有关详细信息, 请使用 -Xlint:deprecation 重新编译。
[INFO] -------------------------------------------------------------
[WARNING] COMPILATION WARNING : 
[INFO] -------------------------------------------------------------
[WARNING] /D:/IOE-DREAM/microservices/ioedream-access-service/src/main/java/net/lab1024/sa/access/domain/form/AlertRuleQueryForm.java:[54,21] @Builder will ignore the initializing expression entirely. If you want the initializing expression to serve as default, add @Builder.Default. If it is not supposed to be settable during building, make the field final.
[WARNING] /D:/IOE-DREAM/microservices/ioedream-access-service/src/main/java/net/lab1024/sa/access/domain/form/AlertRuleQueryForm.java:[60,21] @Builder will ignore the initializing expression entirely. If you want the initializing expression to serve as default, add @Builder.Default. If it is not supposed to be settable during building, make the field final.
[WARNING] /D:/IOE-DREAM/microservices/ioedream-access-service/src/main/java/net/lab1024/sa/access/domain/form/DeviceAlertQueryForm.java:[94,21] @Builder will ignore the initializing expression entirely. If you want the initializing expression to serve as default, add @Builder.Default. If it is not supposed to be settable during building, make the field final.
[WARNING] /D:/IOE-DREAM/microservices/ioedream-access-service/src/main/java/net/lab1024/sa/access/domain/form/DeviceAlertQueryForm.java:[100,21] @Builder will ignore the initializing expression entirely. If you want the initializing expression to serve as default, add @Builder.Default. If it is not supposed to be settable during building, make the field final.
[WARNING] /D:/IOE-DREAM/microservices/ioedream-access-service/src/main/java/net/lab1024/sa/access/manager/AccessAlarmManager.java:[28,1] Field 'log' already exists.
[WARNING] /D:/IOE-DREAM/microservices/ioedream-access-service/src/main/java/net/lab1024/sa/access/domain/form/AccessEvacuationPointQueryForm.java:[12,1] Generating equals/hashCode implementation but without a call to superclass, even though this class does not extend java.lang.Object. If this is intentional, add '@EqualsAndHashCode(callSuper=false)' to your type.
[WARNING] /D:/IOE-DREAM/microservices/ioedream-access-service/src/main/java/net/lab1024/sa/access/manager/DeviceDiscoveryManager.java:[50,1] Field 'log' already exists.
[WARNING] /D:/IOE-DREAM/microservices/ioedream-access-service/src/main/java/net/lab1024/sa/access/manager/AccessUserPermissionManager.java:[18,1] Field 'log' already exists.
[WARNING] /D:/IOE-DREAM/microservices/ioedream-access-service/src/main/java/net/lab1024/sa/access/manager/AntiPassbackManager.java:[39,1] Field 'log' already exists.
[WARNING] /D:/IOE-DREAM/microservices/ioedream-access-service/src/main/java/net/lab1024/sa/access/manager/MultiModalAuthenticationManager.java:[49,1] Field 'log' already exists.
[WARNING] /D:/IOE-DREAM/microservices/ioedream-access-service/src/main/java/net/lab1024/sa/access/domain/form/DeviceImportQueryForm.java:[24,1] Generating equals/hashCode implementation but without a call to superclass, even though this class does not extend java.lang.Object. If this is intentional, add '@EqualsAndHashCode(callSuper=false)' to your type.
[WARNING] /D:/IOE-DREAM/microservices/ioedream-access-service/src/main/java/net/lab1024/sa/access/domain/form/AccessCapacityControlQueryForm.java:[12,1] Generating equals/hashCode implementation but without a call to superclass, even though this class does not extend java.lang.Object. If this is intentional, add '@EqualsAndHashCode(callSuper=false)' to your type.
[WARNING] /D:/IOE-DREAM/microservices/ioedream-access-service/src/main/java/net/lab1024/sa/access/manager/AccessVerificationManager.java:[57,1] Field 'log' already exists.
[WARNING] /D:/IOE-DREAM/microservices/ioedream-access-service/src/main/java/net/lab1024/sa/access/domain/form/AccessPersonRestrictionQueryForm.java:[12,1] Generating equals/hashCode implementation but without a call to superclass, even though this class does not extend java.lang.Object. If this is intentional, add '@EqualsAndHashCode(callSuper=false)' to your type.
[WARNING] /D:/IOE-DREAM/microservices/ioedream-access-service/src/main/java/net/lab1024/sa/access/manager/FirmwareManager.java:[48,1] Field 'log' already exists.
[INFO] 15 warnings 
[INFO] -------------------------------------------------------------
[INFO] -------------------------------------------------------------
[ERROR] COMPILATION ERROR : 
[INFO] -------------------------------------------------------------
[ERROR] /D:/IOE-DREAM/microservices/ioedream-access-service/src/main/java/net/lab1024/sa/access/service/impl/AccessEvacuationServiceImpl.java:[36,8] net.lab1024.sa.access.service.impl.AccessEvacuationServiceImpl不是抽象的, 并且未覆盖net.lab1024.sa.access.service.AccessEvacuationService中的抽象方法cancelEvuation(java.lang.Long)
[ERROR] /D:/IOE-DREAM/microservices/ioedream-access-service/src/main/java/net/lab1024/sa/access/service/impl/AccessEvacuationServiceImpl.java:[230,5] 方法不会覆盖或实现超类型的方法
[INFO] 2 errors 
[INFO] -------------------------------------------------------------
[INFO] ------------------------------------------------------------------------
[INFO] BUILD FAILURE
[INFO] ------------------------------------------------------------------------
[INFO] Total time:  38.338 s
[INFO] Finished at: 2025-12-25T17:59:12+08:00
[INFO] ------------------------------------------------------------------------
[ERROR] Failed to execute goal org.apache.maven.plugins:maven-compiler-plugin:3.13.0:compile (default-compile) on project ioedream-access-service: Compilation failure: Compilation failure: 
[ERROR] /D:/IOE-DREAM/microservices/ioedream-access-service/src/main/java/net/lab1024/sa/access/service/impl/AccessEvacuationServiceImpl.java:[36,8] net.lab1024.sa.access.service.impl.AccessEvacuationServiceImpl不是抽象的, 并且未覆盖net.lab1024.sa.access.service.AccessEvacuationService中的抽象方法cancelEvuation(java.lang.Long)
[ERROR] /D:/IOE-DREAM/microservices/ioedream-access-service/src/main/java/net/lab1024/sa/access/service/impl/AccessEvacuationServiceImpl.java:[230,5] 方法不会覆盖或实现超类型的方法
[ERROR] -> [Help 1]
[ERROR] 
[ERROR] To see the full stack trace of the errors, re-run Maven with the -e switch.
[ERROR] Re-run Maven using the -X switch to enable full debug logging.
[ERROR] 
[ERROR] For more information about the errors and possible solutions, please read the following articles:
[ERROR] [Help 1] http://cwiki.apache.org/confluence/display/MAVEN/MojoFailureException
