[INFO] Scanning for projects...
[INFO] 
[INFO] --------------< net.lab1024.sa:ioedream-gateway-service >---------------
[INFO] Building IOE-DREAM Gateway Service 1.0.0
[INFO]   from pom.xml
[INFO] --------------------------------[ jar ]---------------------------------
[INFO] 
[INFO] >>> spring-boot:3.5.8:run (default-cli) > test-compile @ ioedream-gateway-service >>>
[INFO] 
[INFO] --- enforcer:3.5.0:enforce (enforce-java-maven) @ ioedream-gateway-service ---
[INFO] Rule 0: org.apache.maven.enforcer.rules.version.RequireJavaVersion passed
[INFO] Rule 1: org.apache.maven.enforcer.rules.version.RequireMavenVersion passed
[INFO] 
[INFO] --- exec:3.1.1:exec (check-manager-bean-registration) @ ioedream-gateway-service ---
[INFO] skipping execute as per configuration
[INFO] 
[INFO] --- jacoco:0.8.12:prepare-agent (jacoco-prepare-agent) @ ioedream-gateway-service ---
[INFO] argLine set to -javaagent:C:\\Users\\10201\\.m2\\repository\\org\\jacoco\\org.jacoco.agent\\0.8.12\\org.jacoco.agent-0.8.12-runtime.jar=destfile=D:\\IOE-DREAM\\microservices\\ioedream-gateway-service\\target\\jacoco.exec,excludes=**/entity/**:**/domain/vo/**:**/domain/form/**:**/config/**:**/constant/**:**/enum/**:**/exception/**:**/dto/**:**/*Application.class:**/*Configuration.class
[INFO] 
[INFO] --- resources:3.3.1:resources (default-resources) @ ioedream-gateway-service ---
[INFO] Copying 10 resources from src\main\resources to target\classes
[INFO] Copying 4 resources from src\main\resources to target\classes
[INFO] 
[INFO] --- compiler:3.13.0:compile (default-compile) @ ioedream-gateway-service ---
[INFO] Nothing to compile - all classes are up to date.
[INFO] 
[INFO] --- resources:3.3.1:testResources (default-testResources) @ ioedream-gateway-service ---
[INFO] Copying 0 resource from src\test\resources to target\test-classes
[INFO] Copying 1 resource from src\test\resources to target\test-classes
[INFO] 
[INFO] --- compiler:3.13.0:testCompile (default-testCompile) @ ioedream-gateway-service ---
[INFO] Recompiling the module because of changed source code.
[INFO] Compiling 2 source files with javac [debug target 17] to target\test-classes
[INFO] 
[INFO] <<< spring-boot:3.5.8:run (default-cli) < test-compile @ ioedream-gateway-service <<<
[INFO] 
[INFO] 
[INFO] --- spring-boot:3.5.8:run (default-cli) @ ioedream-gateway-service ---
[INFO] Attaching agents: []

  .   ____          _            __ _ _
 /\\ / ___'_ __ _ _(_)_ __  __ _ \ \ \ \
( ( )\___ | '_ | '_| | '_ \/ _` | \ \ \ \
 \\/  ___)| |_)| | | | | || (_| |  ) ) ) )
  '  |____| .__|_| |_|_| |_\__, | / / / /
 =========|_|==============|___/=/_/_/_/

 :: Spring Boot ::                (v3.5.8)

2025-12-15 10:52:45.210 [main] INFO  net.lab1024.sa.gateway.GatewayServiceApplication - Starting GatewayServiceApplication using Java 17.0.17 with PID 51012 (D:\IOE-DREAM\microservices\ioedream-gateway-service\target\classes started by 10201 in D:\IOE-DREAM\microservices\ioedream-gateway-service)
2025-12-15 10:52:45.212 [main] DEBUG net.lab1024.sa.gateway.GatewayServiceApplication - Running with Spring Boot v3.5.8, Spring v6.2.14
2025-12-15 10:52:45.213 [main] INFO  net.lab1024.sa.gateway.GatewayServiceApplication - The following 1 profile is active: "dev"
2025-12-15 10:52:46.166 [main] INFO  o.s.d.r.config.RepositoryConfigurationDelegate - Multiple Spring Data modules found, entering strict repository configuration mode
2025-12-15 10:52:46.169 [main] INFO  o.s.d.r.config.RepositoryConfigurationDelegate - Bootstrapping Spring Data Redis repositories in DEFAULT mode.
2025-12-15 10:52:46.201 [main] INFO  o.s.d.r.config.RepositoryConfigurationDelegate - Finished Spring Data repository scanning in 13 ms. Found 0 Redis repository interfaces.
2025-12-15 10:52:46.399 [main] INFO  o.springframework.cloud.context.scope.GenericScope - BeanFactory id=b80169cc-4bc8-3d3d-b2ff-fd509ce9a985
2025-12-15 10:52:46.889 [main] INFO  n.lab1024.sa.gateway.config.MonitorManagersConfig - [网关监控] 网关监控配置初始化完成
2025-12-15 10:52:46.889 [main] INFO  n.lab1024.sa.gateway.config.MonitorManagersConfig - [网关监控] 监控项：HTTP请求、路由转发、熔断状态
2025-12-15 10:52:46.951 [main] INFO  net.lab1024.sa.common.auth.util.JwtTokenUtil - [JWT工具] 初始化完成，访问令牌过期时间: 86400000秒，刷新令牌过期时间: 604800000秒
2025-12-15 10:52:46.991 [main] INFO  net.lab1024.sa.gateway.config.UtilConfig - [AESUtil] 初始化企业级AES加密工具
2025-12-15 10:52:46.991 [main] INFO  net.lab1024.sa.gateway.config.UtilConfig - [AESUtil] 企业级AES加密工具初始化完成
2025-12-15 10:52:46.991 [main] INFO  net.lab1024.sa.gateway.config.UtilConfig - [AESUtil] 功能支持: AES-128-ECB加密、Base64编码、环境变量密钥配置
2025-12-15 10:52:46.992 [main] INFO  net.lab1024.sa.gateway.config.UtilConfig - [AESUtil] 注意: 生产环境请配置CONFIG_ENCRYPT_KEY环境变量
2025-12-15 10:52:47.224 [main] INFO  n.lab1024.sa.gateway.config.WebFluxSecurityConfig - [WebFluxSecurity] 初始化BCrypt密码编码器
2025-12-15 10:52:47.226 [main] INFO  o.s.b.a.s.r.ReactiveUserDetailsServiceAutoConfiguration - 

Using generated security password: 8cf816b3-8cdb-431f-9bf5-bd32c2d048b8

2025-12-15 10:52:47.579 [main] INFO  n.lab1024.sa.gateway.config.WebFluxSecurityConfig - [WebFluxSecurity] 初始化企业级CORS配置 (Reactive)
2025-12-15 10:52:47.580 [main] INFO  n.lab1024.sa.gateway.config.WebFluxSecurityConfig - [WebFluxSecurity] 企业级CORS配置完成: allowCredentials=true, maxAge=3600
2025-12-15 10:52:47.581 [main] INFO  n.lab1024.sa.gateway.config.WebFluxSecurityConfig - [WebFluxSecurity] CORS origins=[http://localhost:3000, http://localhost:8080], originPatterns=null
2025-12-15 10:52:47.581 [main] INFO  n.lab1024.sa.gateway.config.WebFluxSecurityConfig - [WebFluxSecurity] CORS allowedMethods=[GET, POST, PUT, DELETE, OPTIONS, PATCH, HEAD], allowedHeaders=[*], exposedHeaders=[]
2025-12-15 10:52:47.583 [main] INFO  n.lab1024.sa.gateway.config.WebFluxSecurityConfig - [WebFluxSecurity] 初始化企业级Reactive Security配置
2025-12-15 10:52:47.637 [main] INFO  n.lab1024.sa.gateway.config.WebFluxSecurityConfig - [WebFluxSecurity] 企业级Reactive Security配置完成
2025-12-15 10:52:47.637 [main] INFO  n.lab1024.sa.gateway.config.WebFluxSecurityConfig - [WebFluxSecurity] 白名单路径数量: 12
2025-12-15 10:52:47.638 [main] INFO  n.lab1024.sa.gateway.config.WebFluxSecurityConfig - [WebFluxSecurity] CSRF: 禁用, CORS: 已配置
2025-12-15 10:52:47.797 [main] WARN  o.s.c.g.c.GatewayClassPathWarningAutoConfiguration - 

**********************************************************

The artifact spring-cloud-gateway-server is deprecated. It will be removed in the next major release. Please add spring-cloud-gateway-server-webflux dependency.

**********************************************************


2025-12-15 10:52:47.976 [main] INFO  org.redisson.Version - Redisson 3.35.0
2025-12-15 10:52:48.189 [redisson-netty-3-4] INFO  org.redisson.connection.ConnectionsHolder - 1 connections initialized for 127.0.0.1/127.0.0.1:6379
2025-12-15 10:52:48.208 [redisson-netty-3-13] INFO  org.redisson.connection.ConnectionsHolder - 5 connections initialized for 127.0.0.1/127.0.0.1:6379
2025-12-15 10:52:48.814 [main] DEBUG o.s.cloud.gateway.config.GatewayProperties - Routes supplied from Gateway Properties: [RouteDefinition{id='ioedream-device-comm-service', predicates=[PredicateDefinition{name='Path', args={_genkey_0=/api/v1/device/**, _genkey_1=/api/v1/biometric/**}}], filters=[FilterDefinition{name='StripPrefix', args={_genkey_0=0}}], uri=lb://ioedream-device-comm-service, order=0, metadata={}, enabled=true}, RouteDefinition{id='ioedream-access-service', predicates=[PredicateDefinition{name='Path', args={_genkey_0=/api/v1/access/**, _genkey_1=/api/v1/mobile/access/**}}], filters=[FilterDefinition{name='StripPrefix', args={_genkey_0=0}}], uri=lb://ioedream-access-service, order=0, metadata={}, enabled=true}, RouteDefinition{id='ioedream-attendance-service', predicates=[PredicateDefinition{name='Path', args={_genkey_0=/api/v1/attendance/**, _genkey_1=/api/attendance/mobile/**, _genkey_2=/api/attendance/mobile}}], filters=[FilterDefinition{name='StripPrefix', args={_genkey_0=0}}], uri=lb://ioedream-attendance-service, order=0, metadata={}, enabled=true}, RouteDefinition{id='ioedream-consume-service', predicates=[PredicateDefinition{name='Path', args={_genkey_0=/api/v1/consume/**, _genkey_1=/api/v1/payment/**, _genkey_2=/api/consume/**, _genkey_3=/api/mobile/v1/consume/**}}], filters=[FilterDefinition{name='StripPrefix', args={_genkey_0=0}}], uri=lb://ioedream-consume-service, order=0, metadata={}, enabled=true}, RouteDefinition{id='ioedream-visitor-service', predicates=[PredicateDefinition{name='Path', args={_genkey_0=/api/v1/visitor/**, _genkey_1=/api/v1/mobile/visitor/**}}], filters=[FilterDefinition{name='StripPrefix', args={_genkey_0=0}}], uri=lb://ioedream-visitor-service, order=0, metadata={}, enabled=true}, RouteDefinition{id='ioedream-video-service', predicates=[PredicateDefinition{name='Path', args={_genkey_0=/api/v1/video/**, _genkey_1=/api/v1/mobile/video/**}}], filters=[FilterDefinition{name='StripPrefix', args={_genkey_0=0}}], uri=lb://ioedream-video-service, order=0, metadata={}, enabled=true}, RouteDefinition{id='ioedream-oa-service', predicates=[PredicateDefinition{name='Path', args={_genkey_0=/api/v1/approval/**, _genkey_1=/api/v1/workflow/**}}], filters=[FilterDefinition{name='StripPrefix', args={_genkey_0=0}}], uri=lb://ioedream-oa-service, order=0, metadata={}, enabled=true}, RouteDefinition{id='ioedream-common-service', predicates=[PredicateDefinition{name='Path', args={_genkey_0=/api/v1/system/**, _genkey_1=/api/v1/notification/**, _genkey_2=/api/v1/area-device/**, _genkey_3=/api/v1/area-permission/**, _genkey_4=/api/v1/auth/**, _genkey_5=/api/v1/menu/**}}], filters=[FilterDefinition{name='StripPrefix', args={_genkey_0=0}}], uri=lb://ioedream-common-service, order=0, metadata={}, enabled=true}, RouteDefinition{id='ioedream-access-area-permission', predicates=[PredicateDefinition{name='Path', args={_genkey_0=/api/v1/area-permission/**}}], filters=[FilterDefinition{name='StripPrefix', args={_genkey_0=0}}], uri=lb://ioedream-access-service, order=0, metadata={}, enabled=true}, RouteDefinition{id='legacy-access-to-api-v1', predicates=[PredicateDefinition{name='Path', args={_genkey_0=/access/**}}], filters=[FilterDefinition{name='RewritePath', args={_genkey_0=/access(?<segment>/?.*), _genkey_1=/api/v1/access$\{segment}}}], uri=lb://ioedream-access-service, order=0, metadata={}, enabled=true}, RouteDefinition{id='legacy-attendance-to-api-v1', predicates=[PredicateDefinition{name='Path', args={_genkey_0=/attendance/**}}], filters=[FilterDefinition{name='RewritePath', args={_genkey_0=/attendance(?<segment>/?.*), _genkey_1=/api/v1/attendance$\{segment}}}], uri=lb://ioedream-attendance-service, order=0, metadata={}, enabled=true}, RouteDefinition{id='legacy-consume-to-api-v1', predicates=[PredicateDefinition{name='Path', args={_genkey_0=/consume/**}}], filters=[FilterDefinition{name='RewritePath', args={_genkey_0=/consume(?<segment>/?.*), _genkey_1=/api/v1/consume$\{segment}}}], uri=lb://ioedream-consume-service, order=0, metadata={}, enabled=true}, RouteDefinition{id='legacy-visitor-to-api-v1', predicates=[PredicateDefinition{name='Path', args={_genkey_0=/visitor/**}}], filters=[FilterDefinition{name='RewritePath', args={_genkey_0=/visitor(?<segment>/?.*), _genkey_1=/api/v1/visitor$\{segment}}}], uri=lb://ioedream-visitor-service, order=0, metadata={}, enabled=true}, RouteDefinition{id='legacy-video-to-api-v1', predicates=[PredicateDefinition{name='Path', args={_genkey_0=/video/**}}], filters=[FilterDefinition{name='RewritePath', args={_genkey_0=/video(?<segment>/?.*), _genkey_1=/api/v1/video$\{segment}}}], uri=lb://ioedream-video-service, order=0, metadata={}, enabled=true}, RouteDefinition{id='legacy-device-to-api-v1', predicates=[PredicateDefinition{name='Path', args={_genkey_0=/device/**}}], filters=[FilterDefinition{name='RewritePath', args={_genkey_0=/device(?<segment>/?.*), _genkey_1=/api/v1/device$\{segment}}}], uri=lb://ioedream-device-comm-service, order=0, metadata={}, enabled=true}, RouteDefinition{id='legacy-system-to-api-v1', predicates=[PredicateDefinition{name='Path', args={_genkey_0=/system/**}}], filters=[FilterDefinition{name='RewritePath', args={_genkey_0=/system(?<segment>/?.*), _genkey_1=/api/v1/system$\{segment}}}], uri=lb://ioedream-common-service, order=0, metadata={}, enabled=true}, RouteDefinition{id='legacy-support-pass-through', predicates=[PredicateDefinition{name='Path', args={_genkey_0=/support/**}}], filters=[FilterDefinition{name='StripPrefix', args={_genkey_0=0}}], uri=lb://ioedream-common-service, order=0, metadata={}, enabled=true}, RouteDefinition{id='legacy-security-pass-through', predicates=[PredicateDefinition{name='Path', args={_genkey_0=/security/**}}], filters=[FilterDefinition{name='StripPrefix', args={_genkey_0=0}}], uri=lb://ioedream-common-service, order=0, metadata={}, enabled=true}]
2025-12-15 10:52:48.959 [main] DEBUG o.s.c.g.f.f.cache.LocalResponseCacheProperties - No TTL configuration found. Default TTL will be applied for cache entries: PT5M minutes
2025-12-15 10:52:48.993 [main] INFO  o.s.c.gateway.route.RouteDefinitionRouteLocator - Loaded RoutePredicateFactory [After]
2025-12-15 10:52:48.993 [main] INFO  o.s.c.gateway.route.RouteDefinitionRouteLocator - Loaded RoutePredicateFactory [Before]
2025-12-15 10:52:48.994 [main] INFO  o.s.c.gateway.route.RouteDefinitionRouteLocator - Loaded RoutePredicateFactory [Between]
2025-12-15 10:52:48.994 [main] INFO  o.s.c.gateway.route.RouteDefinitionRouteLocator - Loaded RoutePredicateFactory [Cookie]
2025-12-15 10:52:48.994 [main] INFO  o.s.c.gateway.route.RouteDefinitionRouteLocator - Loaded RoutePredicateFactory [Header]
2025-12-15 10:52:48.995 [main] INFO  o.s.c.gateway.route.RouteDefinitionRouteLocator - Loaded RoutePredicateFactory [Host]
2025-12-15 10:52:48.995 [main] INFO  o.s.c.gateway.route.RouteDefinitionRouteLocator - Loaded RoutePredicateFactory [Method]
2025-12-15 10:52:48.995 [main] INFO  o.s.c.gateway.route.RouteDefinitionRouteLocator - Loaded RoutePredicateFactory [Path]
2025-12-15 10:52:48.995 [main] INFO  o.s.c.gateway.route.RouteDefinitionRouteLocator - Loaded RoutePredicateFactory [Query]
2025-12-15 10:52:48.996 [main] INFO  o.s.c.gateway.route.RouteDefinitionRouteLocator - Loaded RoutePredicateFactory [ReadBody]
2025-12-15 10:52:48.996 [main] INFO  o.s.c.gateway.route.RouteDefinitionRouteLocator - Loaded RoutePredicateFactory [RemoteAddr]
2025-12-15 10:52:48.996 [main] INFO  o.s.c.gateway.route.RouteDefinitionRouteLocator - Loaded RoutePredicateFactory [XForwardedRemoteAddr]
2025-12-15 10:52:48.996 [main] INFO  o.s.c.gateway.route.RouteDefinitionRouteLocator - Loaded RoutePredicateFactory [Weight]
2025-12-15 10:52:48.996 [main] INFO  o.s.c.gateway.route.RouteDefinitionRouteLocator - Loaded RoutePredicateFactory [CloudFoundryRouteService]
2025-12-15 10:52:49.249 [main] INFO  o.s.b.actuate.endpoint.web.EndpointLinksResolver - Exposing 3 endpoints beneath base path '/actuator'
2025-12-15 10:52:49.560 [main] INFO  n.l.sa.common.config.CommonBeanAutoConfiguration - [公共Bean] 初始化默认HTTP客户端
2025-12-15 10:52:49.579 [main] INFO  n.l.sa.common.config.CommonBeanAutoConfiguration - [公共Bean] 配置默认网关客户端，网关URL: http://localhost:8080
2025-12-15 10:52:49.822 [main] WARN  o.s.c.g.s.w.s.StarterDeprecatedAutoConfiguration - 

**********************************************************

spring-cloud-starter-gateway is deprecated. It will be removed in the next major release. Please use spring-cloud-starter-gateway-server-webflux instead.

**********************************************************


2025-12-15 10:52:49.951 [main] INFO  o.s.boot.web.embedded.netty.NettyWebServer - Netty started on port 8080 (http)
2025-12-15 10:52:50.277 [main] DEBUG o.s.c.gateway.route.RouteDefinitionRouteLocator - RouteDefinition ioedream-device-comm-service applying {_genkey_0=/api/v1/device/**, _genkey_1=/api/v1/biometric/**} to Path
2025-12-15 10:52:50.289 [main] DEBUG o.s.c.gateway.route.RouteDefinitionRouteLocator - RouteDefinition ioedream-device-comm-service applying filter {_genkey_0=0} to StripPrefix
2025-12-15 10:52:50.294 [main] DEBUG o.s.c.gateway.route.RouteDefinitionRouteLocator - RouteDefinition matched: ioedream-device-comm-service
2025-12-15 10:52:50.294 [main] DEBUG o.s.c.gateway.route.RouteDefinitionRouteLocator - RouteDefinition ioedream-access-service applying {_genkey_0=/api/v1/access/**, _genkey_1=/api/v1/mobile/access/**} to Path
2025-12-15 10:52:50.295 [main] DEBUG o.s.c.gateway.route.RouteDefinitionRouteLocator - RouteDefinition ioedream-access-service applying filter {_genkey_0=0} to StripPrefix
2025-12-15 10:52:50.296 [main] DEBUG o.s.c.gateway.route.RouteDefinitionRouteLocator - RouteDefinition matched: ioedream-access-service
2025-12-15 10:52:50.296 [main] DEBUG o.s.c.gateway.route.RouteDefinitionRouteLocator - RouteDefinition ioedream-attendance-service applying {_genkey_0=/api/v1/attendance/**, _genkey_1=/api/attendance/mobile/**, _genkey_2=/api/attendance/mobile} to Path
2025-12-15 10:52:50.297 [main] DEBUG o.s.c.gateway.route.RouteDefinitionRouteLocator - RouteDefinition ioedream-attendance-service applying filter {_genkey_0=0} to StripPrefix
2025-12-15 10:52:50.297 [main] DEBUG o.s.c.gateway.route.RouteDefinitionRouteLocator - RouteDefinition matched: ioedream-attendance-service
2025-12-15 10:52:50.298 [main] DEBUG o.s.c.gateway.route.RouteDefinitionRouteLocator - RouteDefinition ioedream-consume-service applying {_genkey_0=/api/v1/consume/**, _genkey_1=/api/v1/payment/**, _genkey_2=/api/consume/**, _genkey_3=/api/mobile/v1/consume/**} to Path
2025-12-15 10:52:50.298 [main] DEBUG o.s.c.gateway.route.RouteDefinitionRouteLocator - RouteDefinition ioedream-consume-service applying filter {_genkey_0=0} to StripPrefix
2025-12-15 10:52:50.299 [main] DEBUG o.s.c.gateway.route.RouteDefinitionRouteLocator - RouteDefinition matched: ioedream-consume-service
2025-12-15 10:52:50.299 [main] DEBUG o.s.c.gateway.route.RouteDefinitionRouteLocator - RouteDefinition ioedream-visitor-service applying {_genkey_0=/api/v1/visitor/**, _genkey_1=/api/v1/mobile/visitor/**} to Path
2025-12-15 10:52:50.299 [main] DEBUG o.s.c.gateway.route.RouteDefinitionRouteLocator - RouteDefinition ioedream-visitor-service applying filter {_genkey_0=0} to StripPrefix
2025-12-15 10:52:50.300 [main] DEBUG o.s.c.gateway.route.RouteDefinitionRouteLocator - RouteDefinition matched: ioedream-visitor-service
2025-12-15 10:52:50.300 [main] DEBUG o.s.c.gateway.route.RouteDefinitionRouteLocator - RouteDefinition ioedream-video-service applying {_genkey_0=/api/v1/video/**, _genkey_1=/api/v1/mobile/video/**} to Path
2025-12-15 10:52:50.301 [main] DEBUG o.s.c.gateway.route.RouteDefinitionRouteLocator - RouteDefinition ioedream-video-service applying filter {_genkey_0=0} to StripPrefix
2025-12-15 10:52:50.301 [main] DEBUG o.s.c.gateway.route.RouteDefinitionRouteLocator - RouteDefinition matched: ioedream-video-service
2025-12-15 10:52:50.301 [main] DEBUG o.s.c.gateway.route.RouteDefinitionRouteLocator - RouteDefinition ioedream-oa-service applying {_genkey_0=/api/v1/approval/**, _genkey_1=/api/v1/workflow/**} to Path
2025-12-15 10:52:50.303 [main] DEBUG o.s.c.gateway.route.RouteDefinitionRouteLocator - RouteDefinition ioedream-oa-service applying filter {_genkey_0=0} to StripPrefix
2025-12-15 10:52:50.303 [main] DEBUG o.s.c.gateway.route.RouteDefinitionRouteLocator - RouteDefinition matched: ioedream-oa-service
2025-12-15 10:52:50.304 [main] DEBUG o.s.c.gateway.route.RouteDefinitionRouteLocator - RouteDefinition ioedream-common-service applying {_genkey_0=/api/v1/system/**, _genkey_1=/api/v1/notification/**, _genkey_2=/api/v1/area-device/**, _genkey_3=/api/v1/area-permission/**, _genkey_4=/api/v1/auth/**, _genkey_5=/api/v1/menu/**} to Path
2025-12-15 10:52:50.304 [main] DEBUG o.s.c.gateway.route.RouteDefinitionRouteLocator - RouteDefinition ioedream-common-service applying filter {_genkey_0=0} to StripPrefix
2025-12-15 10:52:50.305 [main] DEBUG o.s.c.gateway.route.RouteDefinitionRouteLocator - RouteDefinition matched: ioedream-common-service
2025-12-15 10:52:50.305 [main] DEBUG o.s.c.gateway.route.RouteDefinitionRouteLocator - RouteDefinition ioedream-access-area-permission applying {_genkey_0=/api/v1/area-permission/**} to Path
2025-12-15 10:52:50.305 [main] DEBUG o.s.c.gateway.route.RouteDefinitionRouteLocator - RouteDefinition ioedream-access-area-permission applying filter {_genkey_0=0} to StripPrefix
2025-12-15 10:52:50.306 [main] DEBUG o.s.c.gateway.route.RouteDefinitionRouteLocator - RouteDefinition matched: ioedream-access-area-permission
2025-12-15 10:52:50.306 [main] DEBUG o.s.c.gateway.route.RouteDefinitionRouteLocator - RouteDefinition legacy-access-to-api-v1 applying {_genkey_0=/access/**} to Path
2025-12-15 10:52:50.307 [main] DEBUG o.s.c.gateway.route.RouteDefinitionRouteLocator - RouteDefinition legacy-access-to-api-v1 applying filter {_genkey_0=/access(?<segment>/?.*), _genkey_1=/api/v1/access$\{segment}} to RewritePath
2025-12-15 10:52:50.311 [main] DEBUG o.s.c.gateway.route.RouteDefinitionRouteLocator - RouteDefinition matched: legacy-access-to-api-v1
2025-12-15 10:52:50.311 [main] DEBUG o.s.c.gateway.route.RouteDefinitionRouteLocator - RouteDefinition legacy-attendance-to-api-v1 applying {_genkey_0=/attendance/**} to Path
2025-12-15 10:52:50.312 [main] DEBUG o.s.c.gateway.route.RouteDefinitionRouteLocator - RouteDefinition legacy-attendance-to-api-v1 applying filter {_genkey_0=/attendance(?<segment>/?.*), _genkey_1=/api/v1/attendance$\{segment}} to RewritePath
2025-12-15 10:52:50.313 [main] DEBUG o.s.c.gateway.route.RouteDefinitionRouteLocator - RouteDefinition matched: legacy-attendance-to-api-v1
2025-12-15 10:52:50.313 [main] DEBUG o.s.c.gateway.route.RouteDefinitionRouteLocator - RouteDefinition legacy-consume-to-api-v1 applying {_genkey_0=/consume/**} to Path
2025-12-15 10:52:50.313 [main] DEBUG o.s.c.gateway.route.RouteDefinitionRouteLocator - RouteDefinition legacy-consume-to-api-v1 applying filter {_genkey_0=/consume(?<segment>/?.*), _genkey_1=/api/v1/consume$\{segment}} to RewritePath
2025-12-15 10:52:50.314 [main] DEBUG o.s.c.gateway.route.RouteDefinitionRouteLocator - RouteDefinition matched: legacy-consume-to-api-v1
2025-12-15 10:52:50.314 [main] DEBUG o.s.c.gateway.route.RouteDefinitionRouteLocator - RouteDefinition legacy-visitor-to-api-v1 applying {_genkey_0=/visitor/**} to Path
2025-12-15 10:52:50.315 [main] DEBUG o.s.c.gateway.route.RouteDefinitionRouteLocator - RouteDefinition legacy-visitor-to-api-v1 applying filter {_genkey_0=/visitor(?<segment>/?.*), _genkey_1=/api/v1/visitor$\{segment}} to RewritePath
2025-12-15 10:52:50.315 [main] DEBUG o.s.c.gateway.route.RouteDefinitionRouteLocator - RouteDefinition matched: legacy-visitor-to-api-v1
2025-12-15 10:52:50.316 [main] DEBUG o.s.c.gateway.route.RouteDefinitionRouteLocator - RouteDefinition legacy-video-to-api-v1 applying {_genkey_0=/video/**} to Path
2025-12-15 10:52:50.316 [main] DEBUG o.s.c.gateway.route.RouteDefinitionRouteLocator - RouteDefinition legacy-video-to-api-v1 applying filter {_genkey_0=/video(?<segment>/?.*), _genkey_1=/api/v1/video$\{segment}} to RewritePath
2025-12-15 10:52:50.317 [main] DEBUG o.s.c.gateway.route.RouteDefinitionRouteLocator - RouteDefinition matched: legacy-video-to-api-v1
2025-12-15 10:52:50.317 [main] DEBUG o.s.c.gateway.route.RouteDefinitionRouteLocator - RouteDefinition legacy-device-to-api-v1 applying {_genkey_0=/device/**} to Path
2025-12-15 10:52:50.317 [main] DEBUG o.s.c.gateway.route.RouteDefinitionRouteLocator - RouteDefinition legacy-device-to-api-v1 applying filter {_genkey_0=/device(?<segment>/?.*), _genkey_1=/api/v1/device$\{segment}} to RewritePath
2025-12-15 10:52:50.318 [main] DEBUG o.s.c.gateway.route.RouteDefinitionRouteLocator - RouteDefinition matched: legacy-device-to-api-v1
2025-12-15 10:52:50.318 [main] DEBUG o.s.c.gateway.route.RouteDefinitionRouteLocator - RouteDefinition legacy-system-to-api-v1 applying {_genkey_0=/system/**} to Path
2025-12-15 10:52:50.319 [main] DEBUG o.s.c.gateway.route.RouteDefinitionRouteLocator - RouteDefinition legacy-system-to-api-v1 applying filter {_genkey_0=/system(?<segment>/?.*), _genkey_1=/api/v1/system$\{segment}} to RewritePath
2025-12-15 10:52:50.320 [main] DEBUG o.s.c.gateway.route.RouteDefinitionRouteLocator - RouteDefinition matched: legacy-system-to-api-v1
2025-12-15 10:52:50.320 [main] DEBUG o.s.c.gateway.route.RouteDefinitionRouteLocator - RouteDefinition legacy-support-pass-through applying {_genkey_0=/support/**} to Path
2025-12-15 10:52:50.321 [main] DEBUG o.s.c.gateway.route.RouteDefinitionRouteLocator - RouteDefinition legacy-support-pass-through applying filter {_genkey_0=0} to StripPrefix
2025-12-15 10:52:50.321 [main] DEBUG o.s.c.gateway.route.RouteDefinitionRouteLocator - RouteDefinition matched: legacy-support-pass-through
2025-12-15 10:52:50.322 [main] DEBUG o.s.c.gateway.route.RouteDefinitionRouteLocator - RouteDefinition legacy-security-pass-through applying {_genkey_0=/security/**} to Path
2025-12-15 10:52:50.322 [main] DEBUG o.s.c.gateway.route.RouteDefinitionRouteLocator - RouteDefinition legacy-security-pass-through applying filter {_genkey_0=0} to StripPrefix
2025-12-15 10:52:50.322 [main] DEBUG o.s.c.gateway.route.RouteDefinitionRouteLocator - RouteDefinition matched: legacy-security-pass-through
2025-12-15 10:52:50.326 [main] DEBUG o.s.cloud.gateway.filter.GatewayMetricsFilter - New routes count: 18
2025-12-15 10:52:50.329 [main] INFO  net.lab1024.sa.gateway.GatewayServiceApplication - Started GatewayServiceApplication in 5.614 seconds (process running for 5.974)
2025-12-15 10:52:50.336 [main] WARN  o.s.c.g.c.GatewayServerWebfluxPropertiesMigrationListener - 
The use of configuration keys that have been renamed was found in the environment:

Property source 'Config resource 'class path resource [application.yml]' via location 'optional:classpath:/'':
	Key: spring.cloud.gateway.routes[0].id
		Line: 105
		Replacement: spring.cloud.gateway.server.webflux.routes[0].id
	Key: spring.cloud.gateway.routes[0].uri
		Line: 106
		Replacement: spring.cloud.gateway.server.webflux.routes[0].uri
	Key: spring.cloud.gateway.routes[0].predicates[0]
		Line: 108
		Replacement: spring.cloud.gateway.server.webflux.routes[0].predicates[0]
	Key: spring.cloud.gateway.routes[0].filters[0]
		Line: 110
		Replacement: spring.cloud.gateway.server.webflux.routes[0].filters[0]
	Key: spring.cloud.gateway.routes[1].id
		Line: 113
		Replacement: spring.cloud.gateway.server.webflux.routes[1].id
	Key: spring.cloud.gateway.routes[1].uri
		Line: 114
		Replacement: spring.cloud.gateway.server.webflux.routes[1].uri
	Key: spring.cloud.gateway.routes[1].predicates[0]
		Line: 116
		Replacement: spring.cloud.gateway.server.webflux.routes[1].predicates[0]
	Key: spring.cloud.gateway.routes[1].filters[0]
		Line: 118
		Replacement: spring.cloud.gateway.server.webflux.routes[1].filters[0]
	Key: spring.cloud.gateway.routes[2].id
		Line: 121
		Replacement: spring.cloud.gateway.server.webflux.routes[2].id
	Key: spring.cloud.gateway.routes[2].uri
		Line: 122
		Replacement: spring.cloud.gateway.server.webflux.routes[2].uri
	Key: spring.cloud.gateway.routes[2].predicates[0]
		Line: 124
		Replacement: spring.cloud.gateway.server.webflux.routes[2].predicates[0]
	Key: spring.cloud.gateway.routes[2].filters[0]
		Line: 126
		Replacement: spring.cloud.gateway.server.webflux.routes[2].filters[0]
	Key: spring.cloud.gateway.routes[3].id
		Line: 130
		Replacement: spring.cloud.gateway.server.webflux.routes[3].id
	Key: spring.cloud.gateway.routes[3].uri
		Line: 131
		Replacement: spring.cloud.gateway.server.webflux.routes[3].uri
	Key: spring.cloud.gateway.routes[3].predicates[0]
		Line: 133
		Replacement: spring.cloud.gateway.server.webflux.routes[3].predicates[0]
	Key: spring.cloud.gateway.routes[3].filters[0]
		Line: 135
		Replacement: spring.cloud.gateway.server.webflux.routes[3].filters[0]
	Key: spring.cloud.gateway.routes[4].id
		Line: 138
		Replacement: spring.cloud.gateway.server.webflux.routes[4].id
	Key: spring.cloud.gateway.routes[4].uri
		Line: 139
		Replacement: spring.cloud.gateway.server.webflux.routes[4].uri
	Key: spring.cloud.gateway.routes[4].predicates[0]
		Line: 141
		Replacement: spring.cloud.gateway.server.webflux.routes[4].predicates[0]
	Key: spring.cloud.gateway.routes[4].filters[0]
		Line: 143
		Replacement: spring.cloud.gateway.server.webflux.routes[4].filters[0]
	Key: spring.cloud.gateway.routes[5].id
		Line: 146
		Replacement: spring.cloud.gateway.server.webflux.routes[5].id
	Key: spring.cloud.gateway.routes[5].uri
		Line: 147
		Replacement: spring.cloud.gateway.server.webflux.routes[5].uri
	Key: spring.cloud.gateway.routes[5].predicates[0]
		Line: 149
		Replacement: spring.cloud.gateway.server.webflux.routes[5].predicates[0]
	Key: spring.cloud.gateway.routes[5].filters[0]
		Line: 151
		Replacement: spring.cloud.gateway.server.webflux.routes[5].filters[0]
	Key: spring.cloud.gateway.routes[6].id
		Line: 154
		Replacement: spring.cloud.gateway.server.webflux.routes[6].id
	Key: spring.cloud.gateway.routes[6].uri
		Line: 155
		Replacement: spring.cloud.gateway.server.webflux.routes[6].uri
	Key: spring.cloud.gateway.routes[6].predicates[0]
		Line: 157
		Replacement: spring.cloud.gateway.server.webflux.routes[6].predicates[0]
	Key: spring.cloud.gateway.routes[6].filters[0]
		Line: 159
		Replacement: spring.cloud.gateway.server.webflux.routes[6].filters[0]
	Key: spring.cloud.gateway.routes[7].id
		Line: 162
		Replacement: spring.cloud.gateway.server.webflux.routes[7].id
	Key: spring.cloud.gateway.routes[7].uri
		Line: 163
		Replacement: spring.cloud.gateway.server.webflux.routes[7].uri
	Key: spring.cloud.gateway.routes[7].predicates[0]
		Line: 165
		Replacement: spring.cloud.gateway.server.webflux.routes[7].predicates[0]
	Key: spring.cloud.gateway.routes[7].filters[0]
		Line: 167
		Replacement: spring.cloud.gateway.server.webflux.routes[7].filters[0]
	Key: spring.cloud.gateway.routes[8].id
		Line: 170
		Replacement: spring.cloud.gateway.server.webflux.routes[8].id
	Key: spring.cloud.gateway.routes[8].uri
		Line: 171
		Replacement: spring.cloud.gateway.server.webflux.routes[8].uri
	Key: spring.cloud.gateway.routes[8].predicates[0]
		Line: 173
		Replacement: spring.cloud.gateway.server.webflux.routes[8].predicates[0]
	Key: spring.cloud.gateway.routes[8].filters[0]
		Line: 175
		Replacement: spring.cloud.gateway.server.webflux.routes[8].filters[0]
	Key: spring.cloud.gateway.routes[9].id
		Line: 178
		Replacement: spring.cloud.gateway.server.webflux.routes[9].id
	Key: spring.cloud.gateway.routes[9].uri
		Line: 179
		Replacement: spring.cloud.gateway.server.webflux.routes[9].uri
	Key: spring.cloud.gateway.routes[9].predicates[0]
		Line: 181
		Replacement: spring.cloud.gateway.server.webflux.routes[9].predicates[0]
	Key: spring.cloud.gateway.routes[9].filters[0]
		Line: 183
		Replacement: spring.cloud.gateway.server.webflux.routes[9].filters[0]
	Key: spring.cloud.gateway.routes[10].id
		Line: 185
		Replacement: spring.cloud.gateway.server.webflux.routes[10].id
	Key: spring.cloud.gateway.routes[10].uri
		Line: 186
		Replacement: spring.cloud.gateway.server.webflux.routes[10].uri
	Key: spring.cloud.gateway.routes[10].predicates[0]
		Line: 188
		Replacement: spring.cloud.gateway.server.webflux.routes[10].predicates[0]
	Key: spring.cloud.gateway.routes[10].filters[0]
		Line: 190
		Replacement: spring.cloud.gateway.server.webflux.routes[10].filters[0]
	Key: spring.cloud.gateway.routes[11].id
		Line: 192
		Replacement: spring.cloud.gateway.server.webflux.routes[11].id
	Key: spring.cloud.gateway.routes[11].uri
		Line: 193
		Replacement: spring.cloud.gateway.server.webflux.routes[11].uri
	Key: spring.cloud.gateway.routes[11].predicates[0]
		Line: 195
		Replacement: spring.cloud.gateway.server.webflux.routes[11].predicates[0]
	Key: spring.cloud.gateway.routes[11].filters[0]
		Line: 197
		Replacement: spring.cloud.gateway.server.webflux.routes[11].filters[0]
	Key: spring.cloud.gateway.routes[12].id
		Line: 199
		Replacement: spring.cloud.gateway.server.webflux.routes[12].id
	Key: spring.cloud.gateway.routes[12].uri
		Line: 200
		Replacement: spring.cloud.gateway.server.webflux.routes[12].uri
	Key: spring.cloud.gateway.routes[12].predicates[0]
		Line: 202
		Replacement: spring.cloud.gateway.server.webflux.routes[12].predicates[0]
	Key: spring.cloud.gateway.routes[12].filters[0]
		Line: 204
		Replacement: spring.cloud.gateway.server.webflux.routes[12].filters[0]
	Key: spring.cloud.gateway.routes[13].id
		Line: 206
		Replacement: spring.cloud.gateway.server.webflux.routes[13].id
	Key: spring.cloud.gateway.routes[13].uri
		Line: 207
		Replacement: spring.cloud.gateway.server.webflux.routes[13].uri
	Key: spring.cloud.gateway.routes[13].predicates[0]
		Line: 209
		Replacement: spring.cloud.gateway.server.webflux.routes[13].predicates[0]
	Key: spring.cloud.gateway.routes[13].filters[0]
		Line: 211
		Replacement: spring.cloud.gateway.server.webflux.routes[13].filters[0]
	Key: spring.cloud.gateway.routes[14].id
		Line: 213
		Replacement: spring.cloud.gateway.server.webflux.routes[14].id
	Key: spring.cloud.gateway.routes[14].uri
		Line: 214
		Replacement: spring.cloud.gateway.server.webflux.routes[14].uri
	Key: spring.cloud.gateway.routes[14].predicates[0]
		Line: 216
		Replacement: spring.cloud.gateway.server.webflux.routes[14].predicates[0]
	Key: spring.cloud.gateway.routes[14].filters[0]
		Line: 218
		Replacement: spring.cloud.gateway.server.webflux.routes[14].filters[0]
	Key: spring.cloud.gateway.routes[15].id
		Line: 220
		Replacement: spring.cloud.gateway.server.webflux.routes[15].id
	Key: spring.cloud.gateway.routes[15].uri
		Line: 221
		Replacement: spring.cloud.gateway.server.webflux.routes[15].uri
	Key: spring.cloud.gateway.routes[15].predicates[0]
		Line: 223
		Replacement: spring.cloud.gateway.server.webflux.routes[15].predicates[0]
	Key: spring.cloud.gateway.routes[15].filters[0]
		Line: 225
		Replacement: spring.cloud.gateway.server.webflux.routes[15].filters[0]
	Key: spring.cloud.gateway.routes[16].id
		Line: 227
		Replacement: spring.cloud.gateway.server.webflux.routes[16].id
	Key: spring.cloud.gateway.routes[16].uri
		Line: 228
		Replacement: spring.cloud.gateway.server.webflux.routes[16].uri
	Key: spring.cloud.gateway.routes[16].predicates[0]
		Line: 230
		Replacement: spring.cloud.gateway.server.webflux.routes[16].predicates[0]
	Key: spring.cloud.gateway.routes[16].filters[0]
		Line: 232
		Replacement: spring.cloud.gateway.server.webflux.routes[16].filters[0]
	Key: spring.cloud.gateway.routes[17].id
		Line: 234
		Replacement: spring.cloud.gateway.server.webflux.routes[17].id
	Key: spring.cloud.gateway.routes[17].uri
		Line: 235
		Replacement: spring.cloud.gateway.server.webflux.routes[17].uri
	Key: spring.cloud.gateway.routes[17].predicates[0]
		Line: 237
		Replacement: spring.cloud.gateway.server.webflux.routes[17].predicates[0]
	Key: spring.cloud.gateway.routes[17].filters[0]
		Line: 239
		Replacement: spring.cloud.gateway.server.webflux.routes[17].filters[0]


Each configuration key has been temporarily mapped to its replacement for your convenience. To silence this warning, please update your configuration to use the new keys.

2025-12-15 10:52:50.339 [main] WARN  o.s.b.c.p.migrator.PropertiesMigrationListener - 
The use of configuration keys that have been renamed was found in the environment:

Property source 'Config resource 'class path resource [application.yml]' via location 'optional:classpath:/'':
	Key: spring.cloud.gateway.discovery.locator.enabled
		Line: 100
		Replacement: spring.cloud.gateway.server.webflux.discovery.locator.enabled
	Key: spring.cloud.gateway.discovery.locator.lower-case-service-id
		Line: 101
		Replacement: spring.cloud.gateway.server.webflux.discovery.locator.lower-case-service-id
	Key: spring.cloud.gateway.globalcors.cors-configurations[/**].allowedoriginpatterns[0]
		Line: 82
		Replacement: spring.cloud.gateway.server.webflux.globalcors.cors-configurations[/**].allowedoriginpatterns[0]
	Key: spring.cloud.gateway.globalcors.cors-configurations[/**].allowedoriginpatterns[1]
		Line: 83
		Replacement: spring.cloud.gateway.server.webflux.globalcors.cors-configurations[/**].allowedoriginpatterns[1]
	Key: spring.cloud.gateway.globalcors.cors-configurations[/**].allowedoriginpatterns[2]
		Line: 84
		Replacement: spring.cloud.gateway.server.webflux.globalcors.cors-configurations[/**].allowedoriginpatterns[2]
	Key: spring.cloud.gateway.globalcors.cors-configurations[/**].allowedoriginpatterns[3]
		Line: 85
		Replacement: spring.cloud.gateway.server.webflux.globalcors.cors-configurations[/**].allowedoriginpatterns[3]
	Key: spring.cloud.gateway.globalcors.cors-configurations[/**].allowedoriginpatterns[4]
		Line: 86
		Replacement: spring.cloud.gateway.server.webflux.globalcors.cors-configurations[/**].allowedoriginpatterns[4]
	Key: spring.cloud.gateway.globalcors.cors-configurations[/**].allowedmethods[0]
		Line: 88
		Replacement: spring.cloud.gateway.server.webflux.globalcors.cors-configurations[/**].allowedmethods[0]
	Key: spring.cloud.gateway.globalcors.cors-configurations[/**].allowedmethods[1]
		Line: 89
		Replacement: spring.cloud.gateway.server.webflux.globalcors.cors-configurations[/**].allowedmethods[1]
	Key: spring.cloud.gateway.globalcors.cors-configurations[/**].allowedmethods[2]
		Line: 90
		Replacement: spring.cloud.gateway.server.webflux.globalcors.cors-configurations[/**].allowedmethods[2]
	Key: spring.cloud.gateway.globalcors.cors-configurations[/**].allowedmethods[3]
		Line: 91
		Replacement: spring.cloud.gateway.server.webflux.globalcors.cors-configurations[/**].allowedmethods[3]
	Key: spring.cloud.gateway.globalcors.cors-configurations[/**].allowedmethods[4]
		Line: 92
		Replacement: spring.cloud.gateway.server.webflux.globalcors.cors-configurations[/**].allowedmethods[4]
	Key: spring.cloud.gateway.globalcors.cors-configurations[/**].allowedmethods[5]
		Line: 93
		Replacement: spring.cloud.gateway.server.webflux.globalcors.cors-configurations[/**].allowedmethods[5]
	Key: spring.cloud.gateway.globalcors.cors-configurations[/**].allowedheaders
		Line: 94
		Replacement: spring.cloud.gateway.server.webflux.globalcors.cors-configurations[/**].allowedheaders
	Key: spring.cloud.gateway.globalcors.cors-configurations[/**].allowcredentials
		Line: 95
		Replacement: spring.cloud.gateway.server.webflux.globalcors.cors-configurations[/**].allowcredentials
	Key: spring.cloud.gateway.globalcors.cors-configurations[/**].maxage
		Line: 96
		Replacement: spring.cloud.gateway.server.webflux.globalcors.cors-configurations[/**].maxage


Each configuration key has been temporarily mapped to its replacement for your convenience. To silence this warning, please update your configuration to use the new keys.

2025-12-15 10:53:02.139 [AsyncReporter{ZipkinHttpClientSender{http://localhost:9411/api/v2/spans}}] WARN  z.r.internal.AsyncReporter$BoundedAsyncReporter - Spans were dropped due to exceptions. All subsequent errors will be logged at FINE level.
2025-12-15 10:53:02.140 [AsyncReporter{ZipkinHttpClientSender{http://localhost:9411/api/v2/spans}}] WARN  z.r.internal.AsyncReporter$BoundedAsyncReporter - Dropped 5 spans due to ConnectException()
java.net.ConnectException: null
	at java.net.http/jdk.internal.net.http.HttpClientImpl.send(HttpClientImpl.java:900)
	at java.net.http/jdk.internal.net.http.HttpClientFacade.send(HttpClientFacade.java:133)
	at org.springframework.boot.actuate.autoconfigure.tracing.zipkin.ZipkinHttpClientSender.postSpans(ZipkinHttpClientSender.java:60)
	at org.springframework.boot.actuate.autoconfigure.tracing.zipkin.HttpSender.postSpans(HttpSender.java:69)
	at org.springframework.boot.actuate.autoconfigure.tracing.zipkin.HttpSender.postSpans(HttpSender.java:41)
	at zipkin2.reporter.BaseHttpSender.send(BaseHttpSender.java:123)
	at zipkin2.reporter.internal.AsyncReporter$BoundedAsyncReporter.flush(AsyncReporter.java:266)
	at zipkin2.reporter.internal.AsyncReporter$Flusher.run(AsyncReporter.java:352)
	at java.base/java.lang.Thread.run(Thread.java:840)
Caused by: java.net.ConnectException: null
	at java.net.http/jdk.internal.net.http.common.Utils.toConnectException(Utils.java:1107)
	at java.net.http/jdk.internal.net.http.PlainHttpConnection.connectAsync(PlainHttpConnection.java:203)
	at java.net.http/jdk.internal.net.http.PlainHttpConnection.checkRetryConnect(PlainHttpConnection.java:238)
	at java.net.http/jdk.internal.net.http.PlainHttpConnection.lambda$connectAsync$1(PlainHttpConnection.java:214)
	at java.base/java.util.concurrent.CompletableFuture.uniHandle(CompletableFuture.java:934)
	at java.base/java.util.concurrent.CompletableFuture$UniHandle.tryFire(CompletableFuture.java:911)
	at java.base/java.util.concurrent.CompletableFuture.postComplete(CompletableFuture.java:510)
	at java.base/java.util.concurrent.CompletableFuture$AsyncSupply.run(CompletableFuture.java:1773)
	at java.base/java.util.concurrent.ThreadPoolExecutor.runWorker(ThreadPoolExecutor.java:1136)
	at java.base/java.util.concurrent.ThreadPoolExecutor$Worker.run(ThreadPoolExecutor.java:635)
	... 1 common frames omitted
Caused by: java.nio.channels.ClosedChannelException: null
	at java.base/sun.nio.ch.SocketChannelImpl.ensureOpen(SocketChannelImpl.java:195)
	at java.base/sun.nio.ch.SocketChannelImpl.beginConnect(SocketChannelImpl.java:760)
	at java.base/sun.nio.ch.SocketChannelImpl.connect(SocketChannelImpl.java:848)
	at java.net.http/jdk.internal.net.http.PlainHttpConnection.lambda$connectAsync$0(PlainHttpConnection.java:187)
	at java.base/java.security.AccessController.doPrivileged(AccessController.java:569)
	at java.net.http/jdk.internal.net.http.PlainHttpConnection.connectAsync(PlainHttpConnection.java:189)
	... 9 common frames omitted
