[INFO] Scanning for projects...
[INFO] 
[INFO] -------------< net.lab1024.sa:ioedream-attendance-service >-------------
[INFO] Building IOE-DREAM Attendance Service 1.0.0
[INFO]   from pom.xml
[INFO] --------------------------------[ jar ]---------------------------------
[WARNING] Parameter 'encoding' is unknown for plugin 'jacoco-maven-plugin:0.8.12:prepare-agent (jacoco-prepare-agent)'
[INFO] 
[INFO] >>> spring-boot:3.5.8:run (default-cli) > test-compile @ ioedream-attendance-service >>>
[INFO] 
[INFO] --- enforcer:3.5.0:enforce (enforce-java-maven) @ ioedream-attendance-service ---
[INFO] Rule 0: org.apache.maven.enforcer.rules.version.RequireJavaVersion passed
[INFO] Rule 1: org.apache.maven.enforcer.rules.version.RequireMavenVersion passed
[INFO] 
[INFO] --- exec:3.1.1:exec (check-manager-bean-registration) @ ioedream-attendance-service ---
[INFO] skipping execute as per configuration
[INFO] 
[INFO] --- jacoco:0.8.12:prepare-agent (jacoco-prepare-agent) @ ioedream-attendance-service ---
[INFO] jacocoArgLine set to -javaagent:C:\\Users\\10201\\.m2\\repository\\org\\jacoco\\org.jacoco.agent\\0.8.12\\org.jacoco.agent-0.8.12-runtime.jar=destfile=D:\\IOE-DREAM\\microservices\\ioedream-attendance-service\\target\\jacoco.exec,includes=**/*.class,excludes=**/*Test*.class:**/*Tests.class:**/*Application.class:**/*Config*.class:**/*Configuration.class:**/dto/**/*.class:**/vo/**/*.class:**/form/**/*.class:**/entity/**/*.class:**/constant/**/*.class:**/constants/**/*.class:**/exception/**/*.class:**/*Exception.class:**/*Enum.class:**/generated/**/*.class:**/openapi/**/*.class
[INFO] 
[INFO] --- resources:3.3.1:resources (default-resources) @ ioedream-attendance-service ---
[INFO] Copying 5 resources from src\main\resources to target\classes
[INFO] Copying 5 resources from src\main\resources to target\classes
[INFO] 
[INFO] --- compiler:3.11.0:compile (default-compile) @ ioedream-attendance-service ---
[INFO] Changes detected - recompiling the module! :source
[INFO] Compiling 560 source files with javac [debug release 17] to target\classes
[INFO] -------------------------------------------------------------
[WARNING] COMPILATION WARNING : 
[INFO] -------------------------------------------------------------
[WARNING] /D:/IOE-DREAM/microservices/ioedream-attendance-service/src/main/java/net/lab1024/sa/attendance/manager/AttendanceManager.java:[31,1] Field 'log' already exists.
[WARNING] /D:/IOE-DREAM/microservices/ioedream-attendance-service/src/main/java/net/lab1024/sa/attendance/engine/model/ConflictDetectionResult.java:[109,5] Generating equals/hashCode implementation but without a call to superclass, even though this class does not extend java.lang.Object. If this is intentional, add '@EqualsAndHashCode(callSuper=false)' to your type.
[WARNING] /D:/IOE-DREAM/microservices/ioedream-attendance-service/src/main/java/net/lab1024/sa/attendance/engine/model/ConflictDetectionResult.java:[119,5] Generating equals/hashCode implementation but without a call to superclass, even though this class does not extend java.lang.Object. If this is intentional, add '@EqualsAndHashCode(callSuper=false)' to your type.
[WARNING] /D:/IOE-DREAM/microservices/ioedream-attendance-service/src/main/java/net/lab1024/sa/attendance/engine/model/ConflictDetectionResult.java:[129,5] Generating equals/hashCode implementation but without a call to superclass, even though this class does not extend java.lang.Object. If this is intentional, add '@EqualsAndHashCode(callSuper=false)' to your type.
[WARNING] /D:/IOE-DREAM/microservices/ioedream-attendance-service/src/main/java/net/lab1024/sa/attendance/engine/model/ConflictDetectionResult.java:[140,5] Generating equals/hashCode implementation but without a call to superclass, even though this class does not extend java.lang.Object. If this is intentional, add '@EqualsAndHashCode(callSuper=false)' to your type.
[WARNING] /D:/IOE-DREAM/microservices/ioedream-attendance-service/src/main/java/net/lab1024/sa/attendance/manager/AttendanceCalculationManager.java:[33,1] Field 'log' already exists.
[WARNING] /D:/IOE-DREAM/microservices/ioedream-attendance-service/src/main/java/net/lab1024/sa/attendance/config/AttendanceRedisCacheConfiguration.java:[33,1] Field 'log' already exists.
[WARNING] /D:/IOE-DREAM/microservices/ioedream-attendance-service/src/main/java/net/lab1024/sa/attendance/config/PunchExecutorConfiguration.java:[26,1] Field 'log' already exists.
[WARNING] /D:/IOE-DREAM/microservices/ioedream-attendance-service/src/main/java/net/lab1024/sa/attendance/config/CacheWarmupService.java:[37,1] Field 'log' already exists.
[WARNING] /D:/IOE-DREAM/microservices/ioedream-attendance-service/src/main/java/net/lab1024/sa/attendance/strategy/impl/StandardWorkingHoursStrategy.java:[30,1] Field 'log' already exists.
[WARNING] /D:/IOE-DREAM/microservices/ioedream-attendance-service/src/main/java/net/lab1024/sa/attendance/config/Resilience4jConfiguration.java:[32,1] Field 'log' already exists.
[INFO] 11 warnings 
[INFO] -------------------------------------------------------------
[INFO] -------------------------------------------------------------
[ERROR] COMPILATION ERROR : 
[INFO] -------------------------------------------------------------
[ERROR] /D:/IOE-DREAM/microservices/ioedream-attendance-service/src/main/java/net/lab1024/sa/attendance/engine/impl/ScheduleEngineImpl.java:[25,46] 找不到符号
  符号:   类 SchedulePlan
  位置: 程序包 net.lab1024.sa.attendance.engine.model
[ERROR] /D:/IOE-DREAM/microservices/ioedream-attendance-service/src/main/java/net/lab1024/sa/attendance/engine/impl/ScheduleEngineImpl.java:[162,12] 找不到符号
  符号:   类 SchedulePlan
  位置: 类 net.lab1024.sa.attendance.engine.impl.ScheduleEngineImpl
[ERROR] /D:/IOE-DREAM/microservices/ioedream-attendance-service/src/main/java/net/lab1024/sa/attendance/engine/ScheduleEngine.java:[37,5] 找不到符号
  符号:   类 SchedulePlan
  位置: 接口 net.lab1024.sa.attendance.engine.ScheduleEngine
[ERROR] /D:/IOE-DREAM/microservices/ioedream-attendance-service/src/main/java/net/lab1024/sa/attendance/service/SmartScheduleService.java:[4,59] 程序包net.lab1024.sa.attendance.domain.form.smartSchedule不存在
[ERROR] /D:/IOE-DREAM/microservices/ioedream-attendance-service/src/main/java/net/lab1024/sa/attendance/service/SmartScheduleService.java:[5,59] 程序包net.lab1024.sa.attendance.domain.form.smartSchedule不存在
[ERROR] /D:/IOE-DREAM/microservices/ioedream-attendance-service/src/main/java/net/lab1024/sa/attendance/service/SmartScheduleService.java:[6,57] 程序包net.lab1024.sa.attendance.domain.vo.smartSchedule不存在
[ERROR] /D:/IOE-DREAM/microservices/ioedream-attendance-service/src/main/java/net/lab1024/sa/attendance/service/SmartScheduleService.java:[7,57] 程序包net.lab1024.sa.attendance.domain.vo.smartSchedule不存在
[ERROR] /D:/IOE-DREAM/microservices/ioedream-attendance-service/src/main/java/net/lab1024/sa/attendance/service/SmartScheduleService.java:[8,57] 程序包net.lab1024.sa.attendance.domain.vo.smartSchedule不存在
[ERROR] /D:/IOE-DREAM/microservices/ioedream-attendance-service/src/main/java/net/lab1024/sa/attendance/service/SmartScheduleService.java:[37,21] 找不到符号
  符号:   类 SmartSchedulePlanAddForm
  位置: 接口 net.lab1024.sa.attendance.service.SmartScheduleService
[ERROR] /D:/IOE-DREAM/microservices/ioedream-attendance-service/src/main/java/net/lab1024/sa/attendance/service/SmartScheduleService.java:[53,51] 找不到符号
  符号:   类 SmartSchedulePlanQueryForm
  位置: 接口 net.lab1024.sa.attendance.service.SmartScheduleService
[ERROR] /D:/IOE-DREAM/microservices/ioedream-attendance-service/src/main/java/net/lab1024/sa/attendance/service/SmartScheduleService.java:[53,16] 找不到符号
  符号:   类 SmartSchedulePlanVO
  位置: 接口 net.lab1024.sa.attendance.service.SmartScheduleService
[ERROR] /D:/IOE-DREAM/microservices/ioedream-attendance-service/src/main/java/net/lab1024/sa/attendance/service/SmartScheduleService.java:[61,5] 找不到符号
  符号:   类 SmartSchedulePlanDetailVO
  位置: 接口 net.lab1024.sa.attendance.service.SmartScheduleService
[ERROR] /D:/IOE-DREAM/microservices/ioedream-attendance-service/src/main/java/net/lab1024/sa/attendance/service/SmartScheduleService.java:[74,16] 找不到符号
  符号:   类 SmartScheduleResultVO
  位置: 接口 net.lab1024.sa.attendance.service.SmartScheduleService
[ERROR] /D:/IOE-DREAM/microservices/ioedream-attendance-service/src/main/java/net/lab1024/sa/attendance/service/SmartScheduleService.java:[83,10] 找不到符号
  符号:   类 SmartScheduleResultVO
  位置: 接口 net.lab1024.sa.attendance.service.SmartScheduleService
[ERROR] /D:/IOE-DREAM/microservices/ioedream-attendance-service/src/main/java/net/lab1024/sa/attendance/controller/SmartScheduleController.java:[6,59] 程序包net.lab1024.sa.attendance.domain.form.smartSchedule不存在
[ERROR] /D:/IOE-DREAM/microservices/ioedream-attendance-service/src/main/java/net/lab1024/sa/attendance/controller/SmartScheduleController.java:[7,59] 程序包net.lab1024.sa.attendance.domain.form.smartSchedule不存在
[ERROR] /D:/IOE-DREAM/microservices/ioedream-attendance-service/src/main/java/net/lab1024/sa/attendance/controller/SmartScheduleController.java:[8,57] 程序包net.lab1024.sa.attendance.domain.vo.smartSchedule不存在
[ERROR] /D:/IOE-DREAM/microservices/ioedream-attendance-service/src/main/java/net/lab1024/sa/attendance/controller/SmartScheduleController.java:[9,57] 程序包net.lab1024.sa.attendance.domain.vo.smartSchedule不存在
[ERROR] /D:/IOE-DREAM/microservices/ioedream-attendance-service/src/main/java/net/lab1024/sa/attendance/controller/SmartScheduleController.java:[10,57] 程序包net.lab1024.sa.attendance.domain.vo.smartSchedule不存在
[ERROR] /D:/IOE-DREAM/microservices/ioedream-attendance-service/src/main/java/net/lab1024/sa/attendance/controller/SmartScheduleController.java:[14,47] 程序包net.lab1024.sa.common.common.controller不存在
[ERROR] /D:/IOE-DREAM/microservices/ioedream-attendance-service/src/main/java/net/lab1024/sa/attendance/controller/SmartScheduleController.java:[16,36] 找不到符号
  符号:   类 ResponseDTO
  位置: 程序包 net.lab1024.sa.common.domain
[ERROR] /D:/IOE-DREAM/microservices/ioedream-attendance-service/src/main/java/net/lab1024/sa/attendance/controller/SmartScheduleController.java:[21,26] 程序包javax.servlet.http不存在
[ERROR] /D:/IOE-DREAM/microservices/ioedream-attendance-service/src/main/java/net/lab1024/sa/attendance/controller/SmartScheduleController.java:[45,46] 找不到符号
  符号: 类 SupportBaseController
[ERROR] /D:/IOE-DREAM/microservices/ioedream-attendance-service/src/main/java/net/lab1024/sa/attendance/controller/SmartScheduleController.java:[52,54] 找不到符号
  符号:   类 SmartSchedulePlanAddForm
  位置: 类 net.lab1024.sa.attendance.controller.SmartScheduleController
[ERROR] /D:/IOE-DREAM/microservices/ioedream-attendance-service/src/main/java/net/lab1024/sa/attendance/controller/SmartScheduleController.java:[52,12] 找不到符号
  符号:   类 ResponseDTO
  位置: 类 net.lab1024.sa.attendance.controller.SmartScheduleController
[ERROR] /D:/IOE-DREAM/microservices/ioedream-attendance-service/src/main/java/net/lab1024/sa/attendance/controller/SmartScheduleController.java:[60,12] 找不到符号
  符号:   类 ResponseDTO
  位置: 类 net.lab1024.sa.attendance.controller.SmartScheduleController
[ERROR] /D:/IOE-DREAM/microservices/ioedream-attendance-service/src/main/java/net/lab1024/sa/attendance/controller/SmartScheduleController.java:[68,71] 找不到符号
  符号:   类 SmartSchedulePlanQueryForm
  位置: 类 net.lab1024.sa.attendance.controller.SmartScheduleController
[ERROR] /D:/IOE-DREAM/microservices/ioedream-attendance-service/src/main/java/net/lab1024/sa/attendance/controller/SmartScheduleController.java:[68,12] 找不到符号
  符号:   类 ResponseDTO
  位置: 类 net.lab1024.sa.attendance.controller.SmartScheduleController
[ERROR] /D:/IOE-DREAM/microservices/ioedream-attendance-service/src/main/java/net/lab1024/sa/attendance/controller/SmartScheduleController.java:[68,35] 找不到符号
  符号:   类 SmartSchedulePlanVO
  位置: 类 net.lab1024.sa.attendance.controller.SmartScheduleController
[ERROR] /D:/IOE-DREAM/microservices/ioedream-attendance-service/src/main/java/net/lab1024/sa/attendance/controller/SmartScheduleController.java:[76,12] 找不到符号
  符号:   类 ResponseDTO
  位置: 类 net.lab1024.sa.attendance.controller.SmartScheduleController
[ERROR] /D:/IOE-DREAM/microservices/ioedream-attendance-service/src/main/java/net/lab1024/sa/attendance/controller/SmartScheduleController.java:[76,24] 找不到符号
  符号:   类 SmartSchedulePlanDetailVO
  位置: 类 net.lab1024.sa.attendance.controller.SmartScheduleController
[ERROR] /D:/IOE-DREAM/microservices/ioedream-attendance-service/src/main/java/net/lab1024/sa/attendance/controller/SmartScheduleController.java:[84,12] 找不到符号
  符号:   类 ResponseDTO
  位置: 类 net.lab1024.sa.attendance.controller.SmartScheduleController
[ERROR] /D:/IOE-DREAM/microservices/ioedream-attendance-service/src/main/java/net/lab1024/sa/attendance/controller/SmartScheduleController.java:[84,35] 找不到符号
  符号:   类 SmartScheduleResultVO
  位置: 类 net.lab1024.sa.attendance.controller.SmartScheduleController
[ERROR] /D:/IOE-DREAM/microservices/ioedream-attendance-service/src/main/java/net/lab1024/sa/attendance/controller/SmartScheduleController.java:[99,12] 找不到符号
  符号:   类 ResponseDTO
  位置: 类 net.lab1024.sa.attendance.controller.SmartScheduleController
[ERROR] /D:/IOE-DREAM/microservices/ioedream-attendance-service/src/main/java/net/lab1024/sa/attendance/controller/SmartScheduleController.java:[99,29] 找不到符号
  符号:   类 SmartScheduleResultVO
  位置: 类 net.lab1024.sa.attendance.controller.SmartScheduleController
[ERROR] /D:/IOE-DREAM/microservices/ioedream-attendance-service/src/main/java/net/lab1024/sa/attendance/controller/SmartScheduleController.java:[107,12] 找不到符号
  符号:   类 ResponseDTO
  位置: 类 net.lab1024.sa.attendance.controller.SmartScheduleController
[ERROR] /D:/IOE-DREAM/microservices/ioedream-attendance-service/src/main/java/net/lab1024/sa/attendance/controller/SmartScheduleController.java:[115,12] 找不到符号
  符号:   类 ResponseDTO
  位置: 类 net.lab1024.sa.attendance.controller.SmartScheduleController
[ERROR] /D:/IOE-DREAM/microservices/ioedream-attendance-service/src/main/java/net/lab1024/sa/attendance/controller/SmartScheduleController.java:[123,12] 找不到符号
  符号:   类 ResponseDTO
  位置: 类 net.lab1024.sa.attendance.controller.SmartScheduleController
[ERROR] /D:/IOE-DREAM/microservices/ioedream-attendance-service/src/main/java/net/lab1024/sa/attendance/controller/SmartScheduleController.java:[131,12] 找不到符号
  符号:   类 ResponseDTO
  位置: 类 net.lab1024.sa.attendance.controller.SmartScheduleController
[ERROR] /D:/IOE-DREAM/microservices/ioedream-attendance-service/src/main/java/net/lab1024/sa/attendance/controller/SmartScheduleController.java:[143,13] 找不到符号
  符号:   类 HttpServletResponse
  位置: 类 net.lab1024.sa.attendance.controller.SmartScheduleController
[ERROR] /D:/IOE-DREAM/microservices/ioedream-attendance-service/src/main/java/net/lab1024/sa/attendance/controller/SmartScheduleController.java:[166,12] 找不到符号
  符号:   类 ResponseDTO
  位置: 类 net.lab1024.sa.attendance.controller.SmartScheduleController
[ERROR] /D:/IOE-DREAM/microservices/ioedream-attendance-service/src/main/java/net/lab1024/sa/attendance/controller/SmartScheduleController.java:[174,12] 找不到符号
  符号:   类 ResponseDTO
  位置: 类 net.lab1024.sa.attendance.controller.SmartScheduleController
[ERROR] /D:/IOE-DREAM/microservices/ioedream-attendance-service/src/main/java/net/lab1024/sa/attendance/service/ScheduleService.java:[5,45] 找不到符号
  符号:   类 SmartSchedulingForm
  位置: 程序包 net.lab1024.sa.attendance.domain.form
[ERROR] /D:/IOE-DREAM/microservices/ioedream-attendance-service/src/main/java/net/lab1024/sa/attendance/service/ScheduleService.java:[12,46] 找不到符号
  符号:   类 SchedulePlan
  位置: 程序包 net.lab1024.sa.attendance.engine.model
[ERROR] /D:/IOE-DREAM/microservices/ioedream-attendance-service/src/main/java/net/lab1024/sa/attendance/service/ScheduleService.java:[20,41] 找不到符号
  符号:   类 SmartSchedulingEngine
  位置: 程序包 net.lab1024.sa.attendance.manager
[ERROR] /D:/IOE-DREAM/microservices/ioedream-attendance-service/src/main/java/net/lab1024/sa/attendance/service/ScheduleService.java:[97,46] 找不到符号
  符号:   类 SmartSchedulingForm
  位置: 接口 net.lab1024.sa.attendance.service.ScheduleService
[ERROR] /D:/IOE-DREAM/microservices/ioedream-attendance-service/src/main/java/net/lab1024/sa/attendance/service/ScheduleService.java:[129,5] 找不到符号
  符号:   类 SchedulePlan
  位置: 接口 net.lab1024.sa.attendance.service.ScheduleService
[ERROR] /D:/IOE-DREAM/microservices/ioedream-attendance-service/src/main/java/net/lab1024/sa/attendance/service/impl/SmartScheduleServiceImpl.java:[7,37] 找不到符号
  符号:   类 SmartSchedulePlanDao
  位置: 程序包 net.lab1024.sa.attendance.dao
[ERROR] /D:/IOE-DREAM/microservices/ioedream-attendance-service/src/main/java/net/lab1024/sa/attendance/service/impl/SmartScheduleServiceImpl.java:[8,37] 找不到符号
  符号:   类 SmartScheduleResultDao
  位置: 程序包 net.lab1024.sa.attendance.dao
[ERROR] /D:/IOE-DREAM/microservices/ioedream-attendance-service/src/main/java/net/lab1024/sa/attendance/service/impl/SmartScheduleServiceImpl.java:[9,59] 程序包net.lab1024.sa.attendance.domain.form.smartSchedule不存在
[ERROR] /D:/IOE-DREAM/microservices/ioedream-attendance-service/src/main/java/net/lab1024/sa/attendance/service/impl/SmartScheduleServiceImpl.java:[10,59] 程序包net.lab1024.sa.attendance.domain.form.smartSchedule不存在
[ERROR] /D:/IOE-DREAM/microservices/ioedream-attendance-service/src/main/java/net/lab1024/sa/attendance/service/impl/SmartScheduleServiceImpl.java:[11,57] 程序包net.lab1024.sa.attendance.domain.vo.smartSchedule不存在
[ERROR] /D:/IOE-DREAM/microservices/ioedream-attendance-service/src/main/java/net/lab1024/sa/attendance/service/impl/SmartScheduleServiceImpl.java:[12,57] 程序包net.lab1024.sa.attendance.domain.vo.smartSchedule不存在
[ERROR] /D:/IOE-DREAM/microservices/ioedream-attendance-service/src/main/java/net/lab1024/sa/attendance/service/impl/SmartScheduleServiceImpl.java:[13,57] 程序包net.lab1024.sa.attendance.domain.vo.smartSchedule不存在
[ERROR] /D:/IOE-DREAM/microservices/ioedream-attendance-service/src/main/java/net/lab1024/sa/attendance/service/impl/SmartScheduleServiceImpl.java:[24,55] 程序包net.lab1024.sa.attendance.service.smartSchedule不存在
[ERROR] /D:/IOE-DREAM/microservices/ioedream-attendance-service/src/main/java/net/lab1024/sa/attendance/service/impl/SmartScheduleServiceImpl.java:[27,34] 找不到符号
  符号:   类 SmartBeanUtil
  位置: 程序包 net.lab1024.sa.common.util
[ERROR] /D:/IOE-DREAM/microservices/ioedream-attendance-service/src/main/java/net/lab1024/sa/attendance/service/impl/SmartScheduleServiceImpl.java:[49,13] 找不到符号
  符号:   类 SmartSchedulePlanDao
  位置: 类 net.lab1024.sa.attendance.service.impl.SmartScheduleServiceImpl
[ERROR] /D:/IOE-DREAM/microservices/ioedream-attendance-service/src/main/java/net/lab1024/sa/attendance/service/impl/SmartScheduleServiceImpl.java:[52,13] 找不到符号
  符号:   类 SmartScheduleResultDao
  位置: 类 net.lab1024.sa.attendance.service.impl.SmartScheduleServiceImpl
[ERROR] /D:/IOE-DREAM/microservices/ioedream-attendance-service/src/main/java/net/lab1024/sa/attendance/service/impl/SmartScheduleServiceImpl.java:[55,13] 找不到符号
  符号:   类 SmartSchedulePlanManager
  位置: 类 net.lab1024.sa.attendance.service.impl.SmartScheduleServiceImpl
[ERROR] /D:/IOE-DREAM/microservices/ioedream-attendance-service/src/main/java/net/lab1024/sa/attendance/service/impl/SmartScheduleServiceImpl.java:[65,28] 找不到符号
  符号:   类 SmartSchedulePlanAddForm
  位置: 类 net.lab1024.sa.attendance.service.impl.SmartScheduleServiceImpl
[ERROR] /D:/IOE-DREAM/microservices/ioedream-attendance-service/src/main/java/net/lab1024/sa/attendance/service/impl/SmartScheduleServiceImpl.java:[172,58] 找不到符号
  符号:   类 SmartSchedulePlanQueryForm
  位置: 类 net.lab1024.sa.attendance.service.impl.SmartScheduleServiceImpl
[ERROR] /D:/IOE-DREAM/microservices/ioedream-attendance-service/src/main/java/net/lab1024/sa/attendance/service/impl/SmartScheduleServiceImpl.java:[172,23] 找不到符号
  符号:   类 SmartSchedulePlanVO
  位置: 类 net.lab1024.sa.attendance.service.impl.SmartScheduleServiceImpl
[ERROR] /D:/IOE-DREAM/microservices/ioedream-attendance-service/src/main/java/net/lab1024/sa/attendance/service/impl/SmartScheduleServiceImpl.java:[202,12] 找不到符号
  符号:   类 SmartSchedulePlanDetailVO
  位置: 类 net.lab1024.sa.attendance.service.impl.SmartScheduleServiceImpl
[ERROR] /D:/IOE-DREAM/microservices/ioedream-attendance-service/src/main/java/net/lab1024/sa/attendance/service/impl/SmartScheduleServiceImpl.java:[214,23] 找不到符号
  符号:   类 SmartScheduleResultVO
  位置: 类 net.lab1024.sa.attendance.service.impl.SmartScheduleServiceImpl
[ERROR] /D:/IOE-DREAM/microservices/ioedream-attendance-service/src/main/java/net/lab1024/sa/attendance/service/impl/SmartScheduleServiceImpl.java:[240,17] 找不到符号
  符号:   类 SmartScheduleResultVO
  位置: 类 net.lab1024.sa.attendance.service.impl.SmartScheduleServiceImpl
[INFO] 65 errors 
[INFO] -------------------------------------------------------------
[INFO] ------------------------------------------------------------------------
[INFO] BUILD FAILURE
[INFO] ------------------------------------------------------------------------
[INFO] Total time:  13.054 s
[INFO] Finished at: 2025-12-25T06:43:26+08:00
[INFO] ------------------------------------------------------------------------
[ERROR] Failed to execute goal org.apache.maven.plugins:maven-compiler-plugin:3.11.0:compile (default-compile) on project ioedream-attendance-service: Compilation failure: Compilation failure: 
[ERROR] /D:/IOE-DREAM/microservices/ioedream-attendance-service/src/main/java/net/lab1024/sa/attendance/engine/impl/ScheduleEngineImpl.java:[25,46] 找不到符号
[ERROR]   符号:   类 SchedulePlan
[ERROR]   位置: 程序包 net.lab1024.sa.attendance.engine.model
[ERROR] /D:/IOE-DREAM/microservices/ioedream-attendance-service/src/main/java/net/lab1024/sa/attendance/engine/impl/ScheduleEngineImpl.java:[162,12] 找不到符号
[ERROR]   符号:   类 SchedulePlan
[ERROR]   位置: 类 net.lab1024.sa.attendance.engine.impl.ScheduleEngineImpl
[ERROR] /D:/IOE-DREAM/microservices/ioedream-attendance-service/src/main/java/net/lab1024/sa/attendance/engine/ScheduleEngine.java:[37,5] 找不到符号
[ERROR]   符号:   类 SchedulePlan
[ERROR]   位置: 接口 net.lab1024.sa.attendance.engine.ScheduleEngine
[ERROR] /D:/IOE-DREAM/microservices/ioedream-attendance-service/src/main/java/net/lab1024/sa/attendance/service/SmartScheduleService.java:[4,59] 程序包net.lab1024.sa.attendance.domain.form.smartSchedule不存在
[ERROR] /D:/IOE-DREAM/microservices/ioedream-attendance-service/src/main/java/net/lab1024/sa/attendance/service/SmartScheduleService.java:[5,59] 程序包net.lab1024.sa.attendance.domain.form.smartSchedule不存在
[ERROR] /D:/IOE-DREAM/microservices/ioedream-attendance-service/src/main/java/net/lab1024/sa/attendance/service/SmartScheduleService.java:[6,57] 程序包net.lab1024.sa.attendance.domain.vo.smartSchedule不存在
[ERROR] /D:/IOE-DREAM/microservices/ioedream-attendance-service/src/main/java/net/lab1024/sa/attendance/service/SmartScheduleService.java:[7,57] 程序包net.lab1024.sa.attendance.domain.vo.smartSchedule不存在
[ERROR] /D:/IOE-DREAM/microservices/ioedream-attendance-service/src/main/java/net/lab1024/sa/attendance/service/SmartScheduleService.java:[8,57] 程序包net.lab1024.sa.attendance.domain.vo.smartSchedule不存在
[ERROR] /D:/IOE-DREAM/microservices/ioedream-attendance-service/src/main/java/net/lab1024/sa/attendance/service/SmartScheduleService.java:[37,21] 找不到符号
[ERROR]   符号:   类 SmartSchedulePlanAddForm
[ERROR]   位置: 接口 net.lab1024.sa.attendance.service.SmartScheduleService
[ERROR] /D:/IOE-DREAM/microservices/ioedream-attendance-service/src/main/java/net/lab1024/sa/attendance/service/SmartScheduleService.java:[53,51] 找不到符号
[ERROR]   符号:   类 SmartSchedulePlanQueryForm
[ERROR]   位置: 接口 net.lab1024.sa.attendance.service.SmartScheduleService
[ERROR] /D:/IOE-DREAM/microservices/ioedream-attendance-service/src/main/java/net/lab1024/sa/attendance/service/SmartScheduleService.java:[53,16] 找不到符号
[ERROR]   符号:   类 SmartSchedulePlanVO
[ERROR]   位置: 接口 net.lab1024.sa.attendance.service.SmartScheduleService
[ERROR] /D:/IOE-DREAM/microservices/ioedream-attendance-service/src/main/java/net/lab1024/sa/attendance/service/SmartScheduleService.java:[61,5] 找不到符号
[ERROR]   符号:   类 SmartSchedulePlanDetailVO
[ERROR]   位置: 接口 net.lab1024.sa.attendance.service.SmartScheduleService
[ERROR] /D:/IOE-DREAM/microservices/ioedream-attendance-service/src/main/java/net/lab1024/sa/attendance/service/SmartScheduleService.java:[74,16] 找不到符号
[ERROR]   符号:   类 SmartScheduleResultVO
[ERROR]   位置: 接口 net.lab1024.sa.attendance.service.SmartScheduleService
[ERROR] /D:/IOE-DREAM/microservices/ioedream-attendance-service/src/main/java/net/lab1024/sa/attendance/service/SmartScheduleService.java:[83,10] 找不到符号
[ERROR]   符号:   类 SmartScheduleResultVO
[ERROR]   位置: 接口 net.lab1024.sa.attendance.service.SmartScheduleService
[ERROR] /D:/IOE-DREAM/microservices/ioedream-attendance-service/src/main/java/net/lab1024/sa/attendance/controller/SmartScheduleController.java:[6,59] 程序包net.lab1024.sa.attendance.domain.form.smartSchedule不存在
[ERROR] /D:/IOE-DREAM/microservices/ioedream-attendance-service/src/main/java/net/lab1024/sa/attendance/controller/SmartScheduleController.java:[7,59] 程序包net.lab1024.sa.attendance.domain.form.smartSchedule不存在
[ERROR] /D:/IOE-DREAM/microservices/ioedream-attendance-service/src/main/java/net/lab1024/sa/attendance/controller/SmartScheduleController.java:[8,57] 程序包net.lab1024.sa.attendance.domain.vo.smartSchedule不存在
[ERROR] /D:/IOE-DREAM/microservices/ioedream-attendance-service/src/main/java/net/lab1024/sa/attendance/controller/SmartScheduleController.java:[9,57] 程序包net.lab1024.sa.attendance.domain.vo.smartSchedule不存在
[ERROR] /D:/IOE-DREAM/microservices/ioedream-attendance-service/src/main/java/net/lab1024/sa/attendance/controller/SmartScheduleController.java:[10,57] 程序包net.lab1024.sa.attendance.domain.vo.smartSchedule不存在
[ERROR] /D:/IOE-DREAM/microservices/ioedream-attendance-service/src/main/java/net/lab1024/sa/attendance/controller/SmartScheduleController.java:[14,47] 程序包net.lab1024.sa.common.common.controller不存在
[ERROR] /D:/IOE-DREAM/microservices/ioedream-attendance-service/src/main/java/net/lab1024/sa/attendance/controller/SmartScheduleController.java:[16,36] 找不到符号
[ERROR]   符号:   类 ResponseDTO
[ERROR]   位置: 程序包 net.lab1024.sa.common.domain
[ERROR] /D:/IOE-DREAM/microservices/ioedream-attendance-service/src/main/java/net/lab1024/sa/attendance/controller/SmartScheduleController.java:[21,26] 程序包javax.servlet.http不存在
[ERROR] /D:/IOE-DREAM/microservices/ioedream-attendance-service/src/main/java/net/lab1024/sa/attendance/controller/SmartScheduleController.java:[45,46] 找不到符号
[ERROR]   符号: 类 SupportBaseController
[ERROR] /D:/IOE-DREAM/microservices/ioedream-attendance-service/src/main/java/net/lab1024/sa/attendance/controller/SmartScheduleController.java:[52,54] 找不到符号
[ERROR]   符号:   类 SmartSchedulePlanAddForm
[ERROR]   位置: 类 net.lab1024.sa.attendance.controller.SmartScheduleController
[ERROR] /D:/IOE-DREAM/microservices/ioedream-attendance-service/src/main/java/net/lab1024/sa/attendance/controller/SmartScheduleController.java:[52,12] 找不到符号
[ERROR]   符号:   类 ResponseDTO
[ERROR]   位置: 类 net.lab1024.sa.attendance.controller.SmartScheduleController
[ERROR] /D:/IOE-DREAM/microservices/ioedream-attendance-service/src/main/java/net/lab1024/sa/attendance/controller/SmartScheduleController.java:[60,12] 找不到符号
[ERROR]   符号:   类 ResponseDTO
[ERROR]   位置: 类 net.lab1024.sa.attendance.controller.SmartScheduleController
[ERROR] /D:/IOE-DREAM/microservices/ioedream-attendance-service/src/main/java/net/lab1024/sa/attendance/controller/SmartScheduleController.java:[68,71] 找不到符号
[ERROR]   符号:   类 SmartSchedulePlanQueryForm
[ERROR]   位置: 类 net.lab1024.sa.attendance.controller.SmartScheduleController
[ERROR] /D:/IOE-DREAM/microservices/ioedream-attendance-service/src/main/java/net/lab1024/sa/attendance/controller/SmartScheduleController.java:[68,12] 找不到符号
[ERROR]   符号:   类 ResponseDTO
[ERROR]   位置: 类 net.lab1024.sa.attendance.controller.SmartScheduleController
[ERROR] /D:/IOE-DREAM/microservices/ioedream-attendance-service/src/main/java/net/lab1024/sa/attendance/controller/SmartScheduleController.java:[68,35] 找不到符号
[ERROR]   符号:   类 SmartSchedulePlanVO
[ERROR]   位置: 类 net.lab1024.sa.attendance.controller.SmartScheduleController
[ERROR] /D:/IOE-DREAM/microservices/ioedream-attendance-service/src/main/java/net/lab1024/sa/attendance/controller/SmartScheduleController.java:[76,12] 找不到符号
[ERROR]   符号:   类 ResponseDTO
[ERROR]   位置: 类 net.lab1024.sa.attendance.controller.SmartScheduleController
[ERROR] /D:/IOE-DREAM/microservices/ioedream-attendance-service/src/main/java/net/lab1024/sa/attendance/controller/SmartScheduleController.java:[76,24] 找不到符号
[ERROR]   符号:   类 SmartSchedulePlanDetailVO
[ERROR]   位置: 类 net.lab1024.sa.attendance.controller.SmartScheduleController
[ERROR] /D:/IOE-DREAM/microservices/ioedream-attendance-service/src/main/java/net/lab1024/sa/attendance/controller/SmartScheduleController.java:[84,12] 找不到符号
[ERROR]   符号:   类 ResponseDTO
[ERROR]   位置: 类 net.lab1024.sa.attendance.controller.SmartScheduleController
[ERROR] /D:/IOE-DREAM/microservices/ioedream-attendance-service/src/main/java/net/lab1024/sa/attendance/controller/SmartScheduleController.java:[84,35] 找不到符号
[ERROR]   符号:   类 SmartScheduleResultVO
[ERROR]   位置: 类 net.lab1024.sa.attendance.controller.SmartScheduleController
[ERROR] /D:/IOE-DREAM/microservices/ioedream-attendance-service/src/main/java/net/lab1024/sa/attendance/controller/SmartScheduleController.java:[99,12] 找不到符号
[ERROR]   符号:   类 ResponseDTO
[ERROR]   位置: 类 net.lab1024.sa.attendance.controller.SmartScheduleController
[ERROR] /D:/IOE-DREAM/microservices/ioedream-attendance-service/src/main/java/net/lab1024/sa/attendance/controller/SmartScheduleController.java:[99,29] 找不到符号
[ERROR]   符号:   类 SmartScheduleResultVO
[ERROR]   位置: 类 net.lab1024.sa.attendance.controller.SmartScheduleController
[ERROR] /D:/IOE-DREAM/microservices/ioedream-attendance-service/src/main/java/net/lab1024/sa/attendance/controller/SmartScheduleController.java:[107,12] 找不到符号
[ERROR]   符号:   类 ResponseDTO
[ERROR]   位置: 类 net.lab1024.sa.attendance.controller.SmartScheduleController
[ERROR] /D:/IOE-DREAM/microservices/ioedream-attendance-service/src/main/java/net/lab1024/sa/attendance/controller/SmartScheduleController.java:[115,12] 找不到符号
[ERROR]   符号:   类 ResponseDTO
[ERROR]   位置: 类 net.lab1024.sa.attendance.controller.SmartScheduleController
[ERROR] /D:/IOE-DREAM/microservices/ioedream-attendance-service/src/main/java/net/lab1024/sa/attendance/controller/SmartScheduleController.java:[123,12] 找不到符号
[ERROR]   符号:   类 ResponseDTO
[ERROR]   位置: 类 net.lab1024.sa.attendance.controller.SmartScheduleController
[ERROR] /D:/IOE-DREAM/microservices/ioedream-attendance-service/src/main/java/net/lab1024/sa/attendance/controller/SmartScheduleController.java:[131,12] 找不到符号
[ERROR]   符号:   类 ResponseDTO
[ERROR]   位置: 类 net.lab1024.sa.attendance.controller.SmartScheduleController
[ERROR] /D:/IOE-DREAM/microservices/ioedream-attendance-service/src/main/java/net/lab1024/sa/attendance/controller/SmartScheduleController.java:[143,13] 找不到符号
[ERROR]   符号:   类 HttpServletResponse
[ERROR]   位置: 类 net.lab1024.sa.attendance.controller.SmartScheduleController
[ERROR] /D:/IOE-DREAM/microservices/ioedream-attendance-service/src/main/java/net/lab1024/sa/attendance/controller/SmartScheduleController.java:[166,12] 找不到符号
[ERROR]   符号:   类 ResponseDTO
[ERROR]   位置: 类 net.lab1024.sa.attendance.controller.SmartScheduleController
[ERROR] /D:/IOE-DREAM/microservices/ioedream-attendance-service/src/main/java/net/lab1024/sa/attendance/controller/SmartScheduleController.java:[174,12] 找不到符号
[ERROR]   符号:   类 ResponseDTO
[ERROR]   位置: 类 net.lab1024.sa.attendance.controller.SmartScheduleController
[ERROR] /D:/IOE-DREAM/microservices/ioedream-attendance-service/src/main/java/net/lab1024/sa/attendance/service/ScheduleService.java:[5,45] 找不到符号
[ERROR]   符号:   类 SmartSchedulingForm
[ERROR]   位置: 程序包 net.lab1024.sa.attendance.domain.form
[ERROR] /D:/IOE-DREAM/microservices/ioedream-attendance-service/src/main/java/net/lab1024/sa/attendance/service/ScheduleService.java:[12,46] 找不到符号
[ERROR]   符号:   类 SchedulePlan
[ERROR]   位置: 程序包 net.lab1024.sa.attendance.engine.model
[ERROR] /D:/IOE-DREAM/microservices/ioedream-attendance-service/src/main/java/net/lab1024/sa/attendance/service/ScheduleService.java:[20,41] 找不到符号
[ERROR]   符号:   类 SmartSchedulingEngine
[ERROR]   位置: 程序包 net.lab1024.sa.attendance.manager
[ERROR] /D:/IOE-DREAM/microservices/ioedream-attendance-service/src/main/java/net/lab1024/sa/attendance/service/ScheduleService.java:[97,46] 找不到符号
[ERROR]   符号:   类 SmartSchedulingForm
[ERROR]   位置: 接口 net.lab1024.sa.attendance.service.ScheduleService
[ERROR] /D:/IOE-DREAM/microservices/ioedream-attendance-service/src/main/java/net/lab1024/sa/attendance/service/ScheduleService.java:[129,5] 找不到符号
[ERROR]   符号:   类 SchedulePlan
[ERROR]   位置: 接口 net.lab1024.sa.attendance.service.ScheduleService
[ERROR] /D:/IOE-DREAM/microservices/ioedream-attendance-service/src/main/java/net/lab1024/sa/attendance/service/impl/SmartScheduleServiceImpl.java:[7,37] 找不到符号
[ERROR]   符号:   类 SmartSchedulePlanDao
[ERROR]   位置: 程序包 net.lab1024.sa.attendance.dao
[ERROR] /D:/IOE-DREAM/microservices/ioedream-attendance-service/src/main/java/net/lab1024/sa/attendance/service/impl/SmartScheduleServiceImpl.java:[8,37] 找不到符号
[ERROR]   符号:   类 SmartScheduleResultDao
[ERROR]   位置: 程序包 net.lab1024.sa.attendance.dao
[ERROR] /D:/IOE-DREAM/microservices/ioedream-attendance-service/src/main/java/net/lab1024/sa/attendance/service/impl/SmartScheduleServiceImpl.java:[9,59] 程序包net.lab1024.sa.attendance.domain.form.smartSchedule不存在
[ERROR] /D:/IOE-DREAM/microservices/ioedream-attendance-service/src/main/java/net/lab1024/sa/attendance/service/impl/SmartScheduleServiceImpl.java:[10,59] 程序包net.lab1024.sa.attendance.domain.form.smartSchedule不存在
[ERROR] /D:/IOE-DREAM/microservices/ioedream-attendance-service/src/main/java/net/lab1024/sa/attendance/service/impl/SmartScheduleServiceImpl.java:[11,57] 程序包net.lab1024.sa.attendance.domain.vo.smartSchedule不存在
[ERROR] /D:/IOE-DREAM/microservices/ioedream-attendance-service/src/main/java/net/lab1024/sa/attendance/service/impl/SmartScheduleServiceImpl.java:[12,57] 程序包net.lab1024.sa.attendance.domain.vo.smartSchedule不存在
[ERROR] /D:/IOE-DREAM/microservices/ioedream-attendance-service/src/main/java/net/lab1024/sa/attendance/service/impl/SmartScheduleServiceImpl.java:[13,57] 程序包net.lab1024.sa.attendance.domain.vo.smartSchedule不存在
[ERROR] /D:/IOE-DREAM/microservices/ioedream-attendance-service/src/main/java/net/lab1024/sa/attendance/service/impl/SmartScheduleServiceImpl.java:[24,55] 程序包net.lab1024.sa.attendance.service.smartSchedule不存在
[ERROR] /D:/IOE-DREAM/microservices/ioedream-attendance-service/src/main/java/net/lab1024/sa/attendance/service/impl/SmartScheduleServiceImpl.java:[27,34] 找不到符号
[ERROR]   符号:   类 SmartBeanUtil
[ERROR]   位置: 程序包 net.lab1024.sa.common.util
[ERROR] /D:/IOE-DREAM/microservices/ioedream-attendance-service/src/main/java/net/lab1024/sa/attendance/service/impl/SmartScheduleServiceImpl.java:[49,13] 找不到符号
[ERROR]   符号:   类 SmartSchedulePlanDao
[ERROR]   位置: 类 net.lab1024.sa.attendance.service.impl.SmartScheduleServiceImpl
[ERROR] /D:/IOE-DREAM/microservices/ioedream-attendance-service/src/main/java/net/lab1024/sa/attendance/service/impl/SmartScheduleServiceImpl.java:[52,13] 找不到符号
[ERROR]   符号:   类 SmartScheduleResultDao
[ERROR]   位置: 类 net.lab1024.sa.attendance.service.impl.SmartScheduleServiceImpl
[ERROR] /D:/IOE-DREAM/microservices/ioedream-attendance-service/src/main/java/net/lab1024/sa/attendance/service/impl/SmartScheduleServiceImpl.java:[55,13] 找不到符号
[ERROR]   符号:   类 SmartSchedulePlanManager
[ERROR]   位置: 类 net.lab1024.sa.attendance.service.impl.SmartScheduleServiceImpl
[ERROR] /D:/IOE-DREAM/microservices/ioedream-attendance-service/src/main/java/net/lab1024/sa/attendance/service/impl/SmartScheduleServiceImpl.java:[65,28] 找不到符号
[ERROR]   符号:   类 SmartSchedulePlanAddForm
[ERROR]   位置: 类 net.lab1024.sa.attendance.service.impl.SmartScheduleServiceImpl
[ERROR] /D:/IOE-DREAM/microservices/ioedream-attendance-service/src/main/java/net/lab1024/sa/attendance/service/impl/SmartScheduleServiceImpl.java:[172,58] 找不到符号
[ERROR]   符号:   类 SmartSchedulePlanQueryForm
[ERROR]   位置: 类 net.lab1024.sa.attendance.service.impl.SmartScheduleServiceImpl
[ERROR] /D:/IOE-DREAM/microservices/ioedream-attendance-service/src/main/java/net/lab1024/sa/attendance/service/impl/SmartScheduleServiceImpl.java:[172,23] 找不到符号
[ERROR]   符号:   类 SmartSchedulePlanVO
[ERROR]   位置: 类 net.lab1024.sa.attendance.service.impl.SmartScheduleServiceImpl
[ERROR] /D:/IOE-DREAM/microservices/ioedream-attendance-service/src/main/java/net/lab1024/sa/attendance/service/impl/SmartScheduleServiceImpl.java:[202,12] 找不到符号
[ERROR]   符号:   类 SmartSchedulePlanDetailVO
[ERROR]   位置: 类 net.lab1024.sa.attendance.service.impl.SmartScheduleServiceImpl
[ERROR] /D:/IOE-DREAM/microservices/ioedream-attendance-service/src/main/java/net/lab1024/sa/attendance/service/impl/SmartScheduleServiceImpl.java:[214,23] 找不到符号
[ERROR]   符号:   类 SmartScheduleResultVO
[ERROR]   位置: 类 net.lab1024.sa.attendance.service.impl.SmartScheduleServiceImpl
[ERROR] /D:/IOE-DREAM/microservices/ioedream-attendance-service/src/main/java/net/lab1024/sa/attendance/service/impl/SmartScheduleServiceImpl.java:[240,17] 找不到符号
[ERROR]   符号:   类 SmartScheduleResultVO
[ERROR]   位置: 类 net.lab1024.sa.attendance.service.impl.SmartScheduleServiceImpl
[ERROR] -> [Help 1]
[ERROR] 
[ERROR] To see the full stack trace of the errors, re-run Maven with the -e switch.
[ERROR] Re-run Maven using the -X switch to enable full debug logging.
[ERROR] 
[ERROR] For more information about the errors and possible solutions, please read the following articles:
[ERROR] [Help 1] http://cwiki.apache.org/confluence/display/MAVEN/MojoFailureException
