[INFO] Scanning for projects...
[INFO] 
[INFO] -------------< net.lab1024.sa:ioedream-attendance-service >-------------
[INFO] Building IOE-DREAM Attendance Service 1.0.0
[INFO]   from pom.xml
[INFO] --------------------------------[ jar ]---------------------------------
[WARNING] Parameter 'encoding' is unknown for plugin 'jacoco-maven-plugin:0.8.12:prepare-agent (jacoco-prepare-agent)'
[INFO] 
[INFO] --- clean:3.3.1:clean (default-clean) @ ioedream-attendance-service ---
[INFO] Deleting D:\IOE-DREAM\microservices\ioedream-attendance-service\target
[INFO] 
[INFO] --- enforcer:3.5.0:enforce (enforce-java-maven) @ ioedream-attendance-service ---
[INFO] Rule 0: org.apache.maven.enforcer.rules.version.RequireJavaVersion passed
[INFO] Rule 1: org.apache.maven.enforcer.rules.version.RequireMavenVersion passed
[INFO] 
[INFO] --- exec:3.1.1:exec (check-manager-bean-registration) @ ioedream-attendance-service ---
[INFO] skipping execute as per configuration
[INFO] 
[INFO] --- jacoco:0.8.12:prepare-agent (jacoco-prepare-agent) @ ioedream-attendance-service ---
[INFO] jacocoArgLine set to -javaagent:C:\\Users\\10201\\.m2\\repository\\org\\jacoco\\org.jacoco.agent\\0.8.12\\org.jacoco.agent-0.8.12-runtime.jar=destfile=D:\\IOE-DREAM\\microservices\\ioedream-attendance-service\\target\\jacoco.exec,includes=**/*.class,excludes=**/*Test*.class:**/*Tests.class:**/*Application.class:**/*Config*.class:**/*Configuration.class:**/dto/**/*.class:**/vo/**/*.class:**/form/**/*.class:**/entity/**/*.class:**/constant/**/*.class:**/constants/**/*.class:**/exception/**/*.class:**/*Exception.class:**/*Enum.class:**/generated/**/*.class:**/openapi/**/*.class
[INFO] 
[INFO] --- resources:3.3.1:resources (default-resources) @ ioedream-attendance-service ---
[INFO] Copying 5 resources from src\main\resources to target\classes
[INFO] Copying 5 resources from src\main\resources to target\classes
[INFO] 
[INFO] --- compiler:3.11.0:compile (default-compile) @ ioedream-attendance-service ---
[INFO] Changes detected - recompiling the module! :source
[INFO] Compiling 578 source files with javac [debug release 17] to target\classes
[INFO] -------------------------------------------------------------
[WARNING] COMPILATION WARNING : 
[INFO] -------------------------------------------------------------
[WARNING] /D:/IOE-DREAM/microservices/ioedream-attendance-service/src/main/java/net/lab1024/sa/attendance/config/Resilience4jConfiguration.java:[32,1] Field 'log' already exists.
[WARNING] /D:/IOE-DREAM/microservices/ioedream-attendance-service/src/main/java/net/lab1024/sa/attendance/config/PunchExecutorConfiguration.java:[26,1] Field 'log' already exists.
[WARNING] /D:/IOE-DREAM/microservices/ioedream-attendance-service/src/main/java/net/lab1024/sa/attendance/config/CacheWarmupService.java:[37,1] Field 'log' already exists.
[WARNING] /D:/IOE-DREAM/microservices/ioedream-attendance-service/src/main/java/net/lab1024/sa/attendance/engine/model/ConflictDetectionResult.java:[109,5] Generating equals/hashCode implementation but without a call to superclass, even though this class does not extend java.lang.Object. If this is intentional, add '@EqualsAndHashCode(callSuper=false)' to your type.
[WARNING] /D:/IOE-DREAM/microservices/ioedream-attendance-service/src/main/java/net/lab1024/sa/attendance/engine/model/ConflictDetectionResult.java:[119,5] Generating equals/hashCode implementation but without a call to superclass, even though this class does not extend java.lang.Object. If this is intentional, add '@EqualsAndHashCode(callSuper=false)' to your type.
[WARNING] /D:/IOE-DREAM/microservices/ioedream-attendance-service/src/main/java/net/lab1024/sa/attendance/engine/model/ConflictDetectionResult.java:[129,5] Generating equals/hashCode implementation but without a call to superclass, even though this class does not extend java.lang.Object. If this is intentional, add '@EqualsAndHashCode(callSuper=false)' to your type.
[WARNING] /D:/IOE-DREAM/microservices/ioedream-attendance-service/src/main/java/net/lab1024/sa/attendance/engine/model/ConflictDetectionResult.java:[140,5] Generating equals/hashCode implementation but without a call to superclass, even though this class does not extend java.lang.Object. If this is intentional, add '@EqualsAndHashCode(callSuper=false)' to your type.
[WARNING] /D:/IOE-DREAM/microservices/ioedream-attendance-service/src/main/java/net/lab1024/sa/attendance/config/AttendanceRedisCacheConfiguration.java:[33,1] Field 'log' already exists.
[WARNING] /D:/IOE-DREAM/microservices/ioedream-attendance-service/src/main/java/net/lab1024/sa/attendance/strategy/impl/StandardWorkingHoursStrategy.java:[30,1] Field 'log' already exists.
[WARNING] /D:/IOE-DREAM/microservices/ioedream-attendance-service/src/main/java/net/lab1024/sa/attendance/manager/AttendanceManager.java:[31,1] Field 'log' already exists.
[WARNING] /D:/IOE-DREAM/microservices/ioedream-attendance-service/src/main/java/net/lab1024/sa/attendance/manager/AttendanceCalculationManager.java:[33,1] Field 'log' already exists.
[INFO] 11 warnings 
[INFO] -------------------------------------------------------------
[INFO] -------------------------------------------------------------
[ERROR] COMPILATION ERROR : 
[INFO] -------------------------------------------------------------
[ERROR] /D:/IOE-DREAM/microservices/ioedream-attendance-service/src/main/java/net/lab1024/sa/attendance/service/impl/SmartScheduleServiceImpl.java:[29,28] 程序包com.alibaba.fastjson不存在
[INFO] 1 error
[INFO] -------------------------------------------------------------
[INFO] ------------------------------------------------------------------------
[INFO] BUILD FAILURE
[INFO] ------------------------------------------------------------------------
[INFO] Total time:  10.180 s
[INFO] Finished at: 2025-12-25T09:01:25+08:00
[INFO] ------------------------------------------------------------------------
[ERROR] Failed to execute goal org.apache.maven.plugins:maven-compiler-plugin:3.11.0:compile (default-compile) on project ioedream-attendance-service: Compilation failure
[ERROR] /D:/IOE-DREAM/microservices/ioedream-attendance-service/src/main/java/net/lab1024/sa/attendance/service/impl/SmartScheduleServiceImpl.java:[29,28] 程序包com.alibaba.fastjson不存在
[ERROR] 
[ERROR] -> [Help 1]
[ERROR] 
[ERROR] To see the full stack trace of the errors, re-run Maven with the -e switch.
[ERROR] Re-run Maven using the -X switch to enable full debug logging.
[ERROR] 
[ERROR] For more information about the errors and possible solutions, please read the following articles:
[ERROR] [Help 1] http://cwiki.apache.org/confluence/display/MAVEN/MojoFailureException
