[INFO] Scanning for projects...
[WARNING] 
[WARNING] Some problems were encountered while building the effective model for net.lab1024.sa:ioedream-consume-service:jar:1.0.0
[WARNING] 'dependencies.dependency.(groupId:artifactId:type:classifier)' must be unique: org.projectlombok:lombok:jar -> version ${lombok.version} vs (?) @ line 182, column 17
[WARNING] 
[WARNING] It is highly recommended to fix these problems because they threaten the stability of your build.
[WARNING] 
[WARNING] For this reason, future Maven versions might no longer support building such malformed projects.
[WARNING] 
[INFO] 
[INFO] --------------< net.lab1024.sa:ioedream-consume-service >---------------
[INFO] Building IOE-DREAM Consume Service 1.0.0
[INFO]   from pom.xml
[INFO] --------------------------------[ jar ]---------------------------------
[WARNING] Parameter 'encoding' is unknown for plugin 'jacoco-maven-plugin:0.8.12:prepare-agent (jacoco-prepare-agent)'
[INFO] 
[INFO] --- clean:3.3.1:clean (default-clean) @ ioedream-consume-service ---
[INFO] Deleting D:\IOE-DREAM\microservices\ioedream-consume-service\target
[INFO] 
[INFO] --- enforcer:3.5.0:enforce (enforce-java-maven) @ ioedream-consume-service ---
[INFO] Rule 0: org.apache.maven.enforcer.rules.version.RequireJavaVersion passed
[INFO] Rule 1: org.apache.maven.enforcer.rules.version.RequireMavenVersion passed
[INFO] 
[INFO] --- exec:3.1.1:exec (check-manager-bean-registration) @ ioedream-consume-service ---
[INFO] skipping execute as per configuration
[INFO] 
[INFO] --- jacoco:0.8.12:prepare-agent (jacoco-prepare-agent) @ ioedream-consume-service ---
[INFO] jacocoArgLine set to -javaagent:C:\\Users\\10201\\.m2\\repository\\org\\jacoco\\org.jacoco.agent\\0.8.12\\org.jacoco.agent-0.8.12-runtime.jar=destfile=D:\\IOE-DREAM\\microservices\\ioedream-consume-service\\target\\jacoco.exec,includes=**/*.class,excludes=**/*Test*.class:**/*Tests.class:**/*Application.class:**/*Config*.class:**/*Configuration.class:**/dto/**/*.class:**/vo/**/*.class:**/form/**/*.class:**/entity/**/*.class:**/constant/**/*.class:**/constants/**/*.class:**/exception/**/*.class:**/*Exception.class:**/*Enum.class:**/generated/**/*.class:**/openapi/**/*.class
[INFO] 
[INFO] --- resources:3.3.1:resources (default-resources) @ ioedream-consume-service ---
[INFO] Copying 9 resources from src\main\resources to target\classes
[INFO] Copying 10 resources from src\main\resources to target\classes
[INFO] 
[INFO] --- compiler:3.13.0:compile (default-compile) @ ioedream-consume-service ---
[INFO] Recompiling the module because of changed source code.
[INFO] Compiling 211 source files with javac [debug release 17] to target\classes
[WARNING] /D:/IOE-DREAM/microservices/ioedream-consume-service/src/main/java/net/lab1024/sa/consume/domain/form/ConsumeSubsidyQueryForm.java:[28,1] Generating equals/hashCode implementation but without a call to superclass, even though this class does not extend java.lang.Object. If this is intentional, add '@EqualsAndHashCode(callSuper=false)' to your type.
[WARNING] /D:/IOE-DREAM/microservices/ioedream-consume-service/src/main/java/net/lab1024/sa/consume/domain/form/ConsumeDeviceQueryForm.java:[15,1] Generating equals/hashCode implementation but without a call to superclass, even though this class does not extend java.lang.Object. If this is intentional, add '@EqualsAndHashCode(callSuper=false)' to your type.
[WARNING] /D:/IOE-DREAM/microservices/ioedream-consume-service/src/main/java/net/lab1024/sa/consume/domain/form/ConsumeReportQueryForm.java:[27,1] Generating equals/hashCode implementation but without a call to superclass, even though this class does not extend java.lang.Object. If this is intentional, add '@EqualsAndHashCode(callSuper=false)' to your type.
[WARNING] /D:/IOE-DREAM/microservices/ioedream-consume-service/src/main/java/net/lab1024/sa/consume/domain/form/ConsumeRecordQueryForm.java:[19,1] Generating equals/hashCode implementation but without a call to superclass, even though this class does not extend java.lang.Object. If this is intentional, add '@EqualsAndHashCode(callSuper=false)' to your type.
[WARNING] /D:/IOE-DREAM/microservices/ioedream-consume-service/src/main/java/net/lab1024/sa/consume/domain/form/ConsumeMerchantQueryForm.java:[16,1] Generating equals/hashCode implementation but without a call to superclass, even though this class does not extend java.lang.Object. If this is intentional, add '@EqualsAndHashCode(callSuper=false)' to your type.
[WARNING] /D:/IOE-DREAM/microservices/ioedream-consume-service/src/main/java/net/lab1024/sa/consume/domain/form/ConsumeRefundQueryForm.java:[19,1] Generating equals/hashCode implementation but without a call to superclass, even though this class does not extend java.lang.Object. If this is intentional, add '@EqualsAndHashCode(callSuper=false)' to your type.
[WARNING] /D:/IOE-DREAM/microservices/ioedream-consume-service/src/main/java/net/lab1024/sa/consume/domain/form/ConsumeRechargeQueryForm.java:[19,1] Generating equals/hashCode implementation but without a call to superclass, even though this class does not extend java.lang.Object. If this is intentional, add '@EqualsAndHashCode(callSuper=false)' to your type.
[WARNING] /D:/IOE-DREAM/microservices/ioedream-consume-service/src/main/java/net/lab1024/sa/consume/domain/form/ConsumeMealCategoryQueryForm.java:[18,1] Generating equals/hashCode implementation but without a call to superclass, even though this class does not extend java.lang.Object. If this is intentional, add '@EqualsAndHashCode(callSuper=false)' to your type.
[WARNING] /D:/IOE-DREAM/microservices/ioedream-consume-service/src/main/java/net/lab1024/sa/consume/domain/form/ConsumeProductQueryForm.java:[24,1] Generating equals/hashCode implementation but without a call to superclass, even though this class does not extend java.lang.Object. If this is intentional, add '@EqualsAndHashCode(callSuper=false)' to your type.
[WARNING] /D:/IOE-DREAM/microservices/ioedream-consume-service/src/main/java/net/lab1024/sa/consume/domain/form/ConsumeAccountQueryForm.java:[19,1] Generating equals/hashCode implementation but without a call to superclass, even though this class does not extend java.lang.Object. If this is intentional, add '@EqualsAndHashCode(callSuper=false)' to your type.
[WARNING] /D:/IOE-DREAM/microservices/ioedream-consume-service/src/main/java/net/lab1024/sa/consume/cache/config/MultiLevelCacheConfiguration.java:[62,19] org.springframework.data.redis.serializer.Jackson2JsonRedisSerializer 中的 setObjectMapper(com.fasterxml.jackson.databind.ObjectMapper) 已过时, 且标记为待删除
[WARNING] /D:/IOE-DREAM/microservices/ioedream-consume-service/src/main/java/net/lab1024/sa/consume/cache/config/MultiLevelCacheConfiguration.java:[130,19] org.springframework.data.redis.serializer.Jackson2JsonRedisSerializer 中的 setObjectMapper(com.fasterxml.jackson.databind.ObjectMapper) 已过时, 且标记为待删除
[INFO] /D:/IOE-DREAM/microservices/ioedream-consume-service/src/main/java/net/lab1024/sa/consume/domain/entity/ConsumeAccountEntity.java: 某些输入文件使用或覆盖了已过时的 API。
[INFO] /D:/IOE-DREAM/microservices/ioedream-consume-service/src/main/java/net/lab1024/sa/consume/domain/entity/ConsumeAccountEntity.java: 有关详细信息, 请使用 -Xlint:deprecation 重新编译。
[INFO] /D:/IOE-DREAM/microservices/ioedream-consume-service/src/main/java/net/lab1024/sa/consume/strategy/impl/IntelligenceStrategy.java: 某些输入文件使用了未经检查或不安全的操作。
[INFO] /D:/IOE-DREAM/microservices/ioedream-consume-service/src/main/java/net/lab1024/sa/consume/strategy/impl/IntelligenceStrategy.java: 有关详细信息, 请使用 -Xlint:unchecked 重新编译。
[INFO] ------------------------------------------------------------------------
[INFO] BUILD SUCCESS
[INFO] ------------------------------------------------------------------------
[INFO] Total time:  9.747 s
[INFO] Finished at: 2025-12-24T20:52:03+08:00
[INFO] ------------------------------------------------------------------------
