[INFO] Scanning for projects...
[WARNING] 
[WARNING] Some problems were encountered while building the effective model for net.lab1024.sa:ioedream-consume-service:jar:1.0.0
[WARNING] 'dependencies.dependency.(groupId:artifactId:type:classifier)' must be unique: org.projectlombok:lombok:jar -> version ${lombok.version} vs (?) @ line 198, column 17
[WARNING] 
[WARNING] It is highly recommended to fix these problems because they threaten the stability of your build.
[WARNING] 
[WARNING] For this reason, future Maven versions might no longer support building such malformed projects.
[WARNING] 
[INFO] 
[INFO] --------------< net.lab1024.sa:ioedream-consume-service >---------------
[INFO] Building IOE-DREAM Consume Service 1.0.0
[INFO]   from pom.xml
[INFO] --------------------------------[ jar ]---------------------------------
[WARNING] Parameter 'encoding' is unknown for plugin 'jacoco-maven-plugin:0.8.12:prepare-agent (jacoco-prepare-agent)'
[INFO] 
[INFO] --- enforcer:3.5.0:enforce (enforce-java-maven) @ ioedream-consume-service ---
[INFO] Rule 0: org.apache.maven.enforcer.rules.version.RequireJavaVersion passed
[INFO] Rule 1: org.apache.maven.enforcer.rules.version.RequireMavenVersion passed
[INFO] 
[INFO] --- exec:3.1.1:exec (check-manager-bean-registration) @ ioedream-consume-service ---
[INFO] skipping execute as per configuration
[INFO] 
[INFO] --- jacoco:0.8.12:prepare-agent (jacoco-prepare-agent) @ ioedream-consume-service ---
[INFO] jacocoArgLine set to -javaagent:C:\\Users\\10201\\.m2\\repository\\org\\jacoco\\org.jacoco.agent\\0.8.12\\org.jacoco.agent-0.8.12-runtime.jar=destfile=D:\\IOE-DREAM\\microservices\\ioedream-consume-service\\target\\jacoco.exec,includes=**/*.class,excludes=**/*Test*.class:**/*Tests.class:**/*Application.class:**/*Config*.class:**/*Configuration.class:**/dto/**/*.class:**/vo/**/*.class:**/form/**/*.class:**/entity/**/*.class:**/constant/**/*.class:**/constants/**/*.class:**/exception/**/*.class:**/*Exception.class:**/*Enum.class:**/generated/**/*.class:**/openapi/**/*.class
[INFO] 
[INFO] --- resources:3.3.1:resources (default-resources) @ ioedream-consume-service ---
[INFO] Copying 12 resources from src\main\resources to target\classes
[INFO] Copying 15 resources from src\main\resources to target\classes
[INFO] 
[INFO] --- compiler:3.13.0:compile (default-compile) @ ioedream-consume-service ---
[INFO] Recompiling the module because of changed source code.
[INFO] Compiling 297 source files with javac [debug release 17] to target\classes
[INFO] -------------------------------------------------------------
[ERROR] COMPILATION ERROR : 
[INFO] -------------------------------------------------------------
[ERROR] /D:/IOE-DREAM/microservices/ioedream-consume-service/src/main/java/net/lab1024/sa/consume/manager/ConsumeTransactionManager.java:[407,12] 需要 class、interface、enum 或 record
[ERROR] /D:/IOE-DREAM/microservices/ioedream-consume-service/src/main/java/net/lab1024/sa/consume/manager/ConsumeTransactionManager.java:[411,9] 需要 class、interface、enum 或 record
[ERROR] /D:/IOE-DREAM/microservices/ioedream-consume-service/src/main/java/net/lab1024/sa/consume/manager/ConsumeTransactionManager.java:[412,9] 需要 class、interface、enum 或 record
[ERROR] /D:/IOE-DREAM/microservices/ioedream-consume-service/src/main/java/net/lab1024/sa/consume/manager/ConsumeTransactionManager.java:[414,9] 需要 class、interface、enum 或 record
[ERROR] /D:/IOE-DREAM/microservices/ioedream-consume-service/src/main/java/net/lab1024/sa/consume/manager/ConsumeTransactionManager.java:[415,9] 需要 class、interface、enum 或 record
[ERROR] /D:/IOE-DREAM/microservices/ioedream-consume-service/src/main/java/net/lab1024/sa/consume/manager/ConsumeTransactionManager.java:[417,9] 需要 class、interface、enum 或 record
[ERROR] /D:/IOE-DREAM/microservices/ioedream-consume-service/src/main/java/net/lab1024/sa/consume/manager/ConsumeTransactionManager.java:[418,9] 需要 class、interface、enum 或 record
[ERROR] /D:/IOE-DREAM/microservices/ioedream-consume-service/src/main/java/net/lab1024/sa/consume/manager/ConsumeTransactionManager.java:[419,9] 需要 class、interface、enum 或 record
[ERROR] /D:/IOE-DREAM/microservices/ioedream-consume-service/src/main/java/net/lab1024/sa/consume/manager/ConsumeTransactionManager.java:[421,9] 需要 class、interface、enum 或 record
[ERROR] /D:/IOE-DREAM/microservices/ioedream-consume-service/src/main/java/net/lab1024/sa/consume/manager/ConsumeTransactionManager.java:[422,5] 需要 class、interface、enum 或 record
[ERROR] /D:/IOE-DREAM/microservices/ioedream-consume-service/src/main/java/net/lab1024/sa/consume/manager/ConsumeTransactionManager.java:[431,12] 需要 class、interface、enum 或 record
[ERROR] /D:/IOE-DREAM/microservices/ioedream-consume-service/src/main/java/net/lab1024/sa/consume/manager/ConsumeTransactionManager.java:[436,9] 需要 class、interface、enum 或 record
[ERROR] /D:/IOE-DREAM/microservices/ioedream-consume-service/src/main/java/net/lab1024/sa/consume/manager/ConsumeTransactionManager.java:[437,9] 需要 class、interface、enum 或 record
[ERROR] /D:/IOE-DREAM/microservices/ioedream-consume-service/src/main/java/net/lab1024/sa/consume/manager/ConsumeTransactionManager.java:[438,9] 需要 class、interface、enum 或 record
[ERROR] /D:/IOE-DREAM/microservices/ioedream-consume-service/src/main/java/net/lab1024/sa/consume/manager/ConsumeTransactionManager.java:[441,9] 需要 class、interface、enum 或 record
[ERROR] /D:/IOE-DREAM/microservices/ioedream-consume-service/src/main/java/net/lab1024/sa/consume/manager/ConsumeTransactionManager.java:[442,9] 需要 class、interface、enum 或 record
[ERROR] /D:/IOE-DREAM/microservices/ioedream-consume-service/src/main/java/net/lab1024/sa/consume/manager/ConsumeTransactionManager.java:[443,9] 需要 class、interface、enum 或 record
[ERROR] /D:/IOE-DREAM/microservices/ioedream-consume-service/src/main/java/net/lab1024/sa/consume/manager/ConsumeTransactionManager.java:[445,9] 需要 class、interface、enum 或 record
[ERROR] /D:/IOE-DREAM/microservices/ioedream-consume-service/src/main/java/net/lab1024/sa/consume/manager/ConsumeTransactionManager.java:[446,5] 需要 class、interface、enum 或 record
[INFO] 19 errors 
[INFO] -------------------------------------------------------------
[INFO] ------------------------------------------------------------------------
[INFO] BUILD FAILURE
[INFO] ------------------------------------------------------------------------
[INFO] Total time:  3.940 s
[INFO] Finished at: 2025-12-26T07:28:28+08:00
[INFO] ------------------------------------------------------------------------
[ERROR] Failed to execute goal org.apache.maven.plugins:maven-compiler-plugin:3.13.0:compile (default-compile) on project ioedream-consume-service: Compilation failure: Compilation failure: 
[ERROR] /D:/IOE-DREAM/microservices/ioedream-consume-service/src/main/java/net/lab1024/sa/consume/manager/ConsumeTransactionManager.java:[407,12] 需要 class、interface、enum 或 record
[ERROR] /D:/IOE-DREAM/microservices/ioedream-consume-service/src/main/java/net/lab1024/sa/consume/manager/ConsumeTransactionManager.java:[411,9] 需要 class、interface、enum 或 record
[ERROR] /D:/IOE-DREAM/microservices/ioedream-consume-service/src/main/java/net/lab1024/sa/consume/manager/ConsumeTransactionManager.java:[412,9] 需要 class、interface、enum 或 record
[ERROR] /D:/IOE-DREAM/microservices/ioedream-consume-service/src/main/java/net/lab1024/sa/consume/manager/ConsumeTransactionManager.java:[414,9] 需要 class、interface、enum 或 record
[ERROR] /D:/IOE-DREAM/microservices/ioedream-consume-service/src/main/java/net/lab1024/sa/consume/manager/ConsumeTransactionManager.java:[415,9] 需要 class、interface、enum 或 record
[ERROR] /D:/IOE-DREAM/microservices/ioedream-consume-service/src/main/java/net/lab1024/sa/consume/manager/ConsumeTransactionManager.java:[417,9] 需要 class、interface、enum 或 record
[ERROR] /D:/IOE-DREAM/microservices/ioedream-consume-service/src/main/java/net/lab1024/sa/consume/manager/ConsumeTransactionManager.java:[418,9] 需要 class、interface、enum 或 record
[ERROR] /D:/IOE-DREAM/microservices/ioedream-consume-service/src/main/java/net/lab1024/sa/consume/manager/ConsumeTransactionManager.java:[419,9] 需要 class、interface、enum 或 record
[ERROR] /D:/IOE-DREAM/microservices/ioedream-consume-service/src/main/java/net/lab1024/sa/consume/manager/ConsumeTransactionManager.java:[421,9] 需要 class、interface、enum 或 record
[ERROR] /D:/IOE-DREAM/microservices/ioedream-consume-service/src/main/java/net/lab1024/sa/consume/manager/ConsumeTransactionManager.java:[422,5] 需要 class、interface、enum 或 record
[ERROR] /D:/IOE-DREAM/microservices/ioedream-consume-service/src/main/java/net/lab1024/sa/consume/manager/ConsumeTransactionManager.java:[431,12] 需要 class、interface、enum 或 record
[ERROR] /D:/IOE-DREAM/microservices/ioedream-consume-service/src/main/java/net/lab1024/sa/consume/manager/ConsumeTransactionManager.java:[436,9] 需要 class、interface、enum 或 record
[ERROR] /D:/IOE-DREAM/microservices/ioedream-consume-service/src/main/java/net/lab1024/sa/consume/manager/ConsumeTransactionManager.java:[437,9] 需要 class、interface、enum 或 record
[ERROR] /D:/IOE-DREAM/microservices/ioedream-consume-service/src/main/java/net/lab1024/sa/consume/manager/ConsumeTransactionManager.java:[438,9] 需要 class、interface、enum 或 record
[ERROR] /D:/IOE-DREAM/microservices/ioedream-consume-service/src/main/java/net/lab1024/sa/consume/manager/ConsumeTransactionManager.java:[441,9] 需要 class、interface、enum 或 record
[ERROR] /D:/IOE-DREAM/microservices/ioedream-consume-service/src/main/java/net/lab1024/sa/consume/manager/ConsumeTransactionManager.java:[442,9] 需要 class、interface、enum 或 record
[ERROR] /D:/IOE-DREAM/microservices/ioedream-consume-service/src/main/java/net/lab1024/sa/consume/manager/ConsumeTransactionManager.java:[443,9] 需要 class、interface、enum 或 record
[ERROR] /D:/IOE-DREAM/microservices/ioedream-consume-service/src/main/java/net/lab1024/sa/consume/manager/ConsumeTransactionManager.java:[445,9] 需要 class、interface、enum 或 record
[ERROR] /D:/IOE-DREAM/microservices/ioedream-consume-service/src/main/java/net/lab1024/sa/consume/manager/ConsumeTransactionManager.java:[446,5] 需要 class、interface、enum 或 record
[ERROR] -> [Help 1]
[ERROR] 
[ERROR] To see the full stack trace of the errors, re-run Maven with the -e switch.
[ERROR] Re-run Maven using the -X switch to enable full debug logging.
[ERROR] 
[ERROR] For more information about the errors and possible solutions, please read the following articles:
[ERROR] [Help 1] http://cwiki.apache.org/confluence/display/MAVEN/MojoFailureException
